2024-03-09 13:01:20.167 [main] ERROR com.example.orderAssignmentSystem.controller.WorkerController - WorkerController.createNewWorker:28 - ERROR: Worker cannot be null (at createNewWorker method)
2024-03-09 13:01:20.246 [main] INFO  com.example.orderAssignmentSystem.controller.WorkerController - WorkerController.deleteWorker:55 - INFO: Worker with 1 found (at deleteWorker method)
2024-03-09 13:01:20.259 [main] INFO  com.example.orderAssignmentSystem.controller.WorkerController - WorkerController.deleteWorker:55 - INFO: Worker with 1 found (at deleteWorker method)
2024-03-09 13:01:20.265 [main] ERROR com.example.orderAssignmentSystem.controller.WorkerController - WorkerController.deleteWorker:68 - ERROR: This worker has 1 orders cannot delete worker with assigned orders  (at deleteWorker method)
2024-03-09 13:01:20.266 [main] ERROR com.example.orderAssignmentSystem.controller.WorkerController - WorkerController.deleteWorker:79 - ERROR: No worker Exists with id (at deleteWorker method)1
2024-03-09 13:01:20.269 [main] INFO  com.example.orderAssignmentSystem.controller.WorkerController - WorkerController.deleteWorker:55 - INFO: Worker with 1 found (at deleteWorker method)
2024-03-09 13:01:20.284 [main] ERROR com.example.orderAssignmentSystem.controller.WorkerController - WorkerController.deleteWorker:79 - ERROR: No worker Exists with id (at deleteWorker method)1
2024-03-09 13:01:20.287 [main] INFO  com.example.orderAssignmentSystem.controller.WorkerController - WorkerController.createNewWorker:34 - INFO: Worker with 1 found  (at createNewWorker method)
2024-03-09 13:01:20.287 [main] ERROR com.example.orderAssignmentSystem.controller.WorkerController - WorkerController.createNewWorker:35 - ERROR: Therefore new worker with this id cannot be created!  (at createNewWorker method)
2024-03-09 13:01:20.296 [main] INFO  com.example.orderAssignmentSystem.controller.WorkerController - WorkerController.createNewWorker:39 - INFO: Worker with 1 not found  (at createNewWorker method)
2024-03-09 13:01:20.307 [main] ERROR com.example.orderAssignmentSystem.controller.WorkerController - WorkerController.deleteWorker:50 - ERROR: Worker cannot be null (at deleteWorker method)
2024-03-09 13:01:20.535 [main] ERROR com.example.orderAssignmentSystem.controller.WorkerController - OrderController.createNewOrder:33 - ERROR: Order cannot be null (at createNewOrder method)
2024-03-09 13:01:20.538 [main] INFO  com.example.orderAssignmentSystem.controller.WorkerController - OrderController.modifyOrderStatus:110 - INFO: No modification occore since order status is not changed (at modifyOrderStatus method)
2024-03-09 13:01:20.541 [main] ERROR com.example.orderAssignmentSystem.controller.WorkerController - OrderController.deleteOrder:70 - ERROR: Order cannot be null (at deleteOrder method)
2024-03-09 13:01:20.544 [main] ERROR com.example.orderAssignmentSystem.controller.WorkerController - OrderController.modifyOrderStatus:104 - ERROR: No order exist with id 1 (at modifyOrderStatus method)
2024-03-09 13:01:20.549 [main] ERROR com.example.orderAssignmentSystem.controller.WorkerController - OrderController.modifyOrderStatus:97 - ERROR: Status cannot be null (at modifyOrderStatus method)
2024-03-09 13:01:20.552 [main] ERROR com.example.orderAssignmentSystem.controller.WorkerController - OrderController.createNewOrder:58 - ERROR: Worker not found (at createNewOrder method)
2024-03-09 13:01:20.558 [main] ERROR com.example.orderAssignmentSystem.controller.WorkerController - OrderController.modifyOrderStatus:92 - ERROR: Order cannot be null (at modifyOrderStatus method)
2024-03-09 13:01:20.561 [main] ERROR com.example.orderAssignmentSystem.controller.WorkerController - OrderController.createNewOrder:62 - ERROR: WorkerId cannot be null (at createNewOrder method)
2024-03-09 13:01:20.567 [main] INFO  com.example.orderAssignmentSystem.controller.WorkerController - OrderController.createNewOrder:49 - INFO: Worker with 1 found  (at createNewOrder method)
2024-03-09 13:01:20.567 [main] INFO  com.example.orderAssignmentSystem.controller.WorkerController - OrderController.createNewOrder:52 - INFO: OrderStatus is set to Pending (at createNewOrder method)
2024-03-09 13:01:20.568 [main] INFO  com.example.orderAssignmentSystem.controller.WorkerController - OrderController.createNewOrder:55 - INFO: Order is sucessfully created! (at createNewOrder method)
2024-03-09 13:01:20.573 [main] INFO  com.example.orderAssignmentSystem.controller.WorkerController - OrderController.deleteOrder:76 - INFO: Order with 1 found  (at deleteOrder method)
2024-03-09 13:01:20.577 [main] ERROR com.example.orderAssignmentSystem.controller.WorkerController - OrderController.deleteOrder:84 - ERROR: No order exist with id1 (at deleteOrder method)
2024-03-09 13:01:20.582 [main] INFO  com.example.orderAssignmentSystem.controller.WorkerController - OrderController.createNewOrder:39 - INFO: Order with 1 found  (at createNewOrder method)
2024-03-09 13:01:20.583 [main] ERROR com.example.orderAssignmentSystem.controller.WorkerController - OrderController.createNewOrder:40 - ERROR: Therefore new order with this id cannot be created!  (at createNewOrder method)
2024-03-09 13:01:31.976 [main] ERROR com.example.orderAssignmentSystem.controller.WorkerController - OrderController.createNewOrder:33 - ERROR: Order cannot be null (at createNewOrder method)
2024-03-09 13:01:31.982 [main] INFO  com.example.orderAssignmentSystem.controller.WorkerController - OrderController.createNewOrder:39 - INFO: Order with 1 found  (at createNewOrder method)
2024-03-09 13:01:31.982 [main] ERROR com.example.orderAssignmentSystem.controller.WorkerController - OrderController.createNewOrder:40 - ERROR: Therefore new order with this id cannot be created!  (at createNewOrder method)
2024-03-09 13:01:31.988 [main] ERROR com.example.orderAssignmentSystem.controller.WorkerController - OrderController.createNewOrder:62 - ERROR: WorkerId cannot be null (at createNewOrder method)
2024-03-09 13:01:31.993 [main] ERROR com.example.orderAssignmentSystem.controller.WorkerController - OrderController.createNewOrder:58 - ERROR: Worker not found (at createNewOrder method)
2024-03-09 13:01:31.999 [main] INFO  com.example.orderAssignmentSystem.controller.WorkerController - OrderController.createNewOrder:49 - INFO: Worker with 1 found  (at createNewOrder method)
2024-03-09 13:01:32.000 [main] INFO  com.example.orderAssignmentSystem.controller.WorkerController - OrderController.createNewOrder:52 - INFO: OrderStatus is set to Pending (at createNewOrder method)
2024-03-09 13:01:32.000 [main] INFO  com.example.orderAssignmentSystem.controller.WorkerController - OrderController.createNewOrder:55 - INFO: Order is sucessfully created! (at createNewOrder method)
2024-03-09 13:01:32.003 [main] ERROR com.example.orderAssignmentSystem.controller.WorkerController - OrderController.deleteOrder:70 - ERROR: Order cannot be null (at deleteOrder method)
2024-03-09 13:01:32.007 [main] INFO  com.example.orderAssignmentSystem.controller.WorkerController - OrderController.deleteOrder:76 - INFO: Order with 1 found  (at deleteOrder method)
2024-03-09 13:01:32.012 [main] ERROR com.example.orderAssignmentSystem.controller.WorkerController - OrderController.deleteOrder:84 - ERROR: No order exist with id1 (at deleteOrder method)
2024-03-09 13:01:32.018 [main] INFO  com.example.orderAssignmentSystem.controller.WorkerController - OrderController.modifyOrderStatus:110 - INFO: No modification occore since order status is not changed (at modifyOrderStatus method)
2024-03-09 13:01:32.029 [main] ERROR com.example.orderAssignmentSystem.controller.WorkerController - OrderController.modifyOrderStatus:97 - ERROR: Status cannot be null (at modifyOrderStatus method)
2024-03-09 13:01:32.036 [main] ERROR com.example.orderAssignmentSystem.controller.WorkerController - OrderController.modifyOrderStatus:104 - ERROR: No order exist with id 1 (at modifyOrderStatus method)
2024-03-09 13:01:32.045 [main] ERROR com.example.orderAssignmentSystem.controller.WorkerController - OrderController.modifyOrderStatus:92 - ERROR: Order cannot be null (at modifyOrderStatus method)
2024-03-09 13:01:32.079 [main] INFO  com.example.orderAssignmentSystem.controller.WorkerController - WorkerController.createNewWorker:34 - INFO: Worker with 1 found  (at createNewWorker method)
2024-03-09 13:01:32.079 [main] ERROR com.example.orderAssignmentSystem.controller.WorkerController - WorkerController.createNewWorker:35 - ERROR: Therefore new worker with this id cannot be created!  (at createNewWorker method)
2024-03-09 13:01:32.081 [main] INFO  com.example.orderAssignmentSystem.controller.WorkerController - WorkerController.createNewWorker:39 - INFO: Worker with 1 not found  (at createNewWorker method)
2024-03-09 13:01:32.084 [main] ERROR com.example.orderAssignmentSystem.controller.WorkerController - WorkerController.createNewWorker:28 - ERROR: Worker cannot be null (at createNewWorker method)
2024-03-09 13:01:32.087 [main] INFO  com.example.orderAssignmentSystem.controller.WorkerController - WorkerController.deleteWorker:55 - INFO: Worker with 1 found (at deleteWorker method)
2024-03-09 13:01:32.090 [main] INFO  com.example.orderAssignmentSystem.controller.WorkerController - WorkerController.deleteWorker:55 - INFO: Worker with 1 found (at deleteWorker method)
2024-03-09 13:01:32.093 [main] INFO  com.example.orderAssignmentSystem.controller.WorkerController - WorkerController.deleteWorker:55 - INFO: Worker with 1 found (at deleteWorker method)
2024-03-09 13:01:32.097 [main] ERROR com.example.orderAssignmentSystem.controller.WorkerController - WorkerController.deleteWorker:68 - ERROR: This worker has 1 orders cannot delete worker with assigned orders  (at deleteWorker method)
2024-03-09 13:01:32.098 [main] ERROR com.example.orderAssignmentSystem.controller.WorkerController - WorkerController.deleteWorker:79 - ERROR: No worker Exists with id (at deleteWorker method)1
2024-03-09 13:01:32.101 [main] ERROR com.example.orderAssignmentSystem.controller.WorkerController - WorkerController.deleteWorker:50 - ERROR: Worker cannot be null (at deleteWorker method)
2024-03-09 13:01:32.105 [main] ERROR com.example.orderAssignmentSystem.controller.WorkerController - WorkerController.deleteWorker:79 - ERROR: No worker Exists with id (at deleteWorker method)1
2024-03-09 13:01:33.751 [mutationTestThread] INFO  com.example.orderAssignmentSystem.controller.WorkerController - OrderController.createNewOrder:49 - INFO: Worker with 1 found  (at createNewOrder method)
2024-03-09 13:01:33.754 [mutationTestThread] INFO  com.example.orderAssignmentSystem.controller.WorkerController - OrderController.createNewOrder:52 - INFO: OrderStatus is set to Pending (at createNewOrder method)
2024-03-09 13:01:33.754 [mutationTestThread] INFO  com.example.orderAssignmentSystem.controller.WorkerController - OrderController.createNewOrder:55 - INFO: Order is sucessfully created! (at createNewOrder method)
2024-03-09 13:01:33.859 [mutationTestThread] ERROR com.example.orderAssignmentSystem.controller.WorkerController - OrderController.createNewOrder:58 - ERROR: Worker not found (at createNewOrder method)
2024-03-09 13:01:33.864 [mutationTestThread] ERROR com.example.orderAssignmentSystem.controller.WorkerController - OrderController.createNewOrder:58 - ERROR: Worker not found (at createNewOrder method)
2024-03-09 13:01:33.920 [mutationTestThread] ERROR com.example.orderAssignmentSystem.controller.WorkerController - OrderController.createNewOrder:58 - ERROR: Worker not found (at createNewOrder method)
2024-03-09 13:01:33.978 [mutationTestThread] ERROR com.example.orderAssignmentSystem.controller.WorkerController - OrderController.modifyOrderStatus:104 - ERROR: No order exist with id 1 (at modifyOrderStatus method)
2024-03-09 13:01:34.005 [mutationTestThread] ERROR com.example.orderAssignmentSystem.controller.WorkerController - OrderController.createNewOrder:58 - ERROR: Worker not found (at createNewOrder method)
2024-03-09 13:01:34.055 [mutationTestThread] ERROR com.example.orderAssignmentSystem.controller.WorkerController - OrderController.modifyOrderStatus:104 - ERROR: No order exist with id 1 (at modifyOrderStatus method)
2024-03-09 13:01:34.096 [mutationTestThread] INFO  com.example.orderAssignmentSystem.controller.WorkerController - OrderController.deleteOrder:76 - INFO: Order with 1 found  (at deleteOrder method)
2024-03-09 13:01:34.128 [mutationTestThread] ERROR com.example.orderAssignmentSystem.controller.WorkerController - OrderController.modifyOrderStatus:97 - ERROR: Status cannot be null (at modifyOrderStatus method)
2024-03-09 13:01:34.158 [mutationTestThread] ERROR com.example.orderAssignmentSystem.controller.WorkerController - OrderController.createNewOrder:62 - ERROR: WorkerId cannot be null (at createNewOrder method)
2024-03-09 13:01:34.162 [mutationTestThread] ERROR com.example.orderAssignmentSystem.controller.WorkerController - OrderController.createNewOrder:62 - ERROR: WorkerId cannot be null (at createNewOrder method)
2024-03-09 13:01:34.190 [mutationTestThread] INFO  com.example.orderAssignmentSystem.controller.WorkerController - OrderController.modifyOrderStatus:110 - INFO: No modification occore since order status is not changed (at modifyOrderStatus method)
2024-03-09 13:01:34.196 [mutationTestThread] ERROR com.example.orderAssignmentSystem.controller.WorkerController - OrderController.modifyOrderStatus:97 - ERROR: Status cannot be null (at modifyOrderStatus method)
2024-03-09 13:01:34.199 [mutationTestThread] ERROR com.example.orderAssignmentSystem.controller.WorkerController - OrderController.modifyOrderStatus:97 - ERROR: Status cannot be null (at modifyOrderStatus method)
2024-03-09 13:01:34.225 [mutationTestThread] INFO  com.example.orderAssignmentSystem.controller.WorkerController - OrderController.createNewOrder:49 - INFO: Worker with 1 found  (at createNewOrder method)
2024-03-09 13:01:34.225 [mutationTestThread] INFO  com.example.orderAssignmentSystem.controller.WorkerController - OrderController.createNewOrder:52 - INFO: OrderStatus is set to Pending (at createNewOrder method)
2024-03-09 13:01:34.226 [mutationTestThread] INFO  com.example.orderAssignmentSystem.controller.WorkerController - OrderController.createNewOrder:55 - INFO: Order is sucessfully created! (at createNewOrder method)
2024-03-09 13:01:34.255 [mutationTestThread] ERROR com.example.orderAssignmentSystem.controller.WorkerController - OrderController.createNewOrder:62 - ERROR: WorkerId cannot be null (at createNewOrder method)
2024-03-09 13:01:34.283 [mutationTestThread] INFO  com.example.orderAssignmentSystem.controller.WorkerController - OrderController.createNewOrder:39 - INFO: Order with 1 found  (at createNewOrder method)
2024-03-09 13:01:34.284 [mutationTestThread] ERROR com.example.orderAssignmentSystem.controller.WorkerController - OrderController.createNewOrder:40 - ERROR: Therefore new order with this id cannot be created!  (at createNewOrder method)
2024-03-09 13:01:34.311 [mutationTestThread] ERROR com.example.orderAssignmentSystem.controller.WorkerController - OrderController.createNewOrder:33 - ERROR: Order cannot be null (at createNewOrder method)
2024-03-09 13:01:34.337 [mutationTestThread] ERROR com.example.orderAssignmentSystem.controller.WorkerController - OrderController.deleteOrder:84 - ERROR: No order exist with id1 (at deleteOrder method)
2024-03-09 13:01:34.369 [mutationTestThread] INFO  com.example.orderAssignmentSystem.controller.WorkerController - OrderController.modifyOrderStatus:110 - INFO: No modification occore since order status is not changed (at modifyOrderStatus method)
2024-03-09 13:01:34.403 [mutationTestThread] ERROR com.example.orderAssignmentSystem.controller.WorkerController - OrderController.modifyOrderStatus:92 - ERROR: Order cannot be null (at modifyOrderStatus method)
2024-03-09 13:01:34.465 [mutationTestThread] ERROR com.example.orderAssignmentSystem.controller.WorkerController - OrderController.createNewOrder:62 - ERROR: WorkerId cannot be null (at createNewOrder method)
2024-03-09 13:01:34.469 [mutationTestThread] ERROR com.example.orderAssignmentSystem.controller.WorkerController - OrderController.createNewOrder:58 - ERROR: Worker not found (at createNewOrder method)
2024-03-09 13:01:34.472 [mutationTestThread] ERROR com.example.orderAssignmentSystem.controller.WorkerController - OrderController.createNewOrder:62 - ERROR: WorkerId cannot be null (at createNewOrder method)
2024-03-09 13:01:34.504 [mutationTestThread] INFO  com.example.orderAssignmentSystem.controller.WorkerController - OrderController.createNewOrder:39 - INFO: Order with 1 found  (at createNewOrder method)
2024-03-09 13:01:34.505 [mutationTestThread] ERROR com.example.orderAssignmentSystem.controller.WorkerController - OrderController.createNewOrder:40 - ERROR: Therefore new order with this id cannot be created!  (at createNewOrder method)
2024-03-09 13:01:34.537 [mutationTestThread] INFO  com.example.orderAssignmentSystem.controller.WorkerController - OrderController.createNewOrder:49 - INFO: Worker with 1 found  (at createNewOrder method)
2024-03-09 13:01:34.537 [mutationTestThread] INFO  com.example.orderAssignmentSystem.controller.WorkerController - OrderController.createNewOrder:52 - INFO: OrderStatus is set to Pending (at createNewOrder method)
2024-03-09 13:01:34.538 [mutationTestThread] INFO  com.example.orderAssignmentSystem.controller.WorkerController - OrderController.createNewOrder:55 - INFO: Order is sucessfully created! (at createNewOrder method)
2024-03-09 13:01:34.567 [mutationTestThread] INFO  com.example.orderAssignmentSystem.controller.WorkerController - OrderController.modifyOrderStatus:110 - INFO: No modification occore since order status is not changed (at modifyOrderStatus method)
2024-03-09 13:01:34.572 [mutationTestThread] ERROR com.example.orderAssignmentSystem.controller.WorkerController - OrderController.modifyOrderStatus:104 - ERROR: No order exist with id 1 (at modifyOrderStatus method)
2024-03-09 13:01:34.637 [mutationTestThread] INFO  com.example.orderAssignmentSystem.controller.WorkerController - OrderController.deleteOrder:76 - INFO: Order with 1 found  (at deleteOrder method)
2024-03-09 13:01:34.708 [mutationTestThread] INFO  com.example.orderAssignmentSystem.controller.WorkerController - OrderController.deleteOrder:76 - INFO: Order with 1 found  (at deleteOrder method)
2024-03-09 13:01:34.710 [mutationTestThread] INFO  com.example.orderAssignmentSystem.controller.WorkerController - OrderController.deleteOrder:76 - INFO: Order with 1 found  (at deleteOrder method)
2024-03-09 13:01:34.742 [mutationTestThread] ERROR com.example.orderAssignmentSystem.controller.WorkerController - OrderController.createNewOrder:62 - ERROR: WorkerId cannot be null (at createNewOrder method)
2024-03-09 13:01:34.744 [mutationTestThread] ERROR com.example.orderAssignmentSystem.controller.WorkerController - OrderController.createNewOrder:58 - ERROR: Worker not found (at createNewOrder method)
2024-03-09 13:01:34.747 [mutationTestThread] INFO  com.example.orderAssignmentSystem.controller.WorkerController - OrderController.createNewOrder:39 - INFO: Order with 1 found  (at createNewOrder method)
2024-03-09 13:01:34.748 [mutationTestThread] ERROR com.example.orderAssignmentSystem.controller.WorkerController - OrderController.createNewOrder:40 - ERROR: Therefore new order with this id cannot be created!  (at createNewOrder method)
2024-03-09 13:01:34.811 [mutationTestThread] ERROR com.example.orderAssignmentSystem.controller.WorkerController - OrderController.deleteOrder:70 - ERROR: Order cannot be null (at deleteOrder method)
2024-03-09 13:01:34.813 [mutationTestThread] ERROR com.example.orderAssignmentSystem.controller.WorkerController - OrderController.deleteOrder:70 - ERROR: Order cannot be null (at deleteOrder method)
2024-03-09 13:01:34.849 [mutationTestThread] ERROR com.example.orderAssignmentSystem.controller.WorkerController - OrderController.deleteOrder:84 - ERROR: No order exist with id1 (at deleteOrder method)
2024-03-09 13:01:34.881 [mutationTestThread] INFO  com.example.orderAssignmentSystem.controller.WorkerController - OrderController.modifyOrderStatus:110 - INFO: No modification occore since order status is not changed (at modifyOrderStatus method)
2024-03-09 13:01:34.883 [mutationTestThread] INFO  com.example.orderAssignmentSystem.controller.WorkerController - OrderController.modifyOrderStatus:110 - INFO: No modification occore since order status is not changed (at modifyOrderStatus method)
2024-03-09 13:01:36.455 [mutationTestThread] INFO  com.example.orderAssignmentSystem.controller.WorkerController - WorkerController.deleteWorker:55 - INFO: Worker with 1 found (at deleteWorker method)
2024-03-09 13:01:36.511 [mutationTestThread] INFO  com.example.orderAssignmentSystem.controller.WorkerController - WorkerController.deleteWorker:55 - INFO: Worker with 1 found (at deleteWorker method)
2024-03-09 13:01:36.534 [mutationTestThread] ERROR com.example.orderAssignmentSystem.controller.WorkerController - WorkerController.deleteWorker:50 - ERROR: Worker cannot be null (at deleteWorker method)
2024-03-09 13:01:36.538 [mutationTestThread] ERROR com.example.orderAssignmentSystem.controller.WorkerController - WorkerController.deleteWorker:50 - ERROR: Worker cannot be null (at deleteWorker method)
2024-03-09 13:01:36.564 [mutationTestThread] INFO  com.example.orderAssignmentSystem.controller.WorkerController - WorkerController.createNewWorker:39 - INFO: Worker with 1 not found  (at createNewWorker method)
2024-03-09 13:01:36.591 [mutationTestThread] INFO  com.example.orderAssignmentSystem.controller.WorkerController - WorkerController.deleteWorker:55 - INFO: Worker with 1 found (at deleteWorker method)
2024-03-09 13:01:36.616 [mutationTestThread] INFO  com.example.orderAssignmentSystem.controller.WorkerController - WorkerController.deleteWorker:55 - INFO: Worker with 1 found (at deleteWorker method)
2024-03-09 13:01:36.619 [mutationTestThread] ERROR com.example.orderAssignmentSystem.controller.WorkerController - WorkerController.deleteWorker:68 - ERROR: This worker has 0 orders cannot delete worker with assigned orders  (at deleteWorker method)
2024-03-09 13:01:36.619 [mutationTestThread] ERROR com.example.orderAssignmentSystem.controller.WorkerController - WorkerController.deleteWorker:79 - ERROR: No worker Exists with id (at deleteWorker method)1
2024-03-09 13:01:36.644 [mutationTestThread] INFO  com.example.orderAssignmentSystem.controller.WorkerController - WorkerController.deleteWorker:55 - INFO: Worker with 1 found (at deleteWorker method)
2024-03-09 13:01:36.669 [mutationTestThread] ERROR com.example.orderAssignmentSystem.controller.WorkerController - WorkerController.createNewWorker:28 - ERROR: Worker cannot be null (at createNewWorker method)
2024-03-09 13:01:36.672 [mutationTestThread] ERROR com.example.orderAssignmentSystem.controller.WorkerController - WorkerController.createNewWorker:28 - ERROR: Worker cannot be null (at createNewWorker method)
2024-03-09 13:01:36.696 [mutationTestThread] INFO  com.example.orderAssignmentSystem.controller.WorkerController - WorkerController.createNewWorker:34 - INFO: Worker with 1 found  (at createNewWorker method)
2024-03-09 13:01:36.697 [mutationTestThread] ERROR com.example.orderAssignmentSystem.controller.WorkerController - WorkerController.createNewWorker:35 - ERROR: Therefore new worker with this id cannot be created!  (at createNewWorker method)
2024-03-09 13:01:36.721 [mutationTestThread] INFO  com.example.orderAssignmentSystem.controller.WorkerController - WorkerController.deleteWorker:55 - INFO: Worker with 1 found (at deleteWorker method)
2024-03-09 13:01:36.724 [mutationTestThread] INFO  com.example.orderAssignmentSystem.controller.WorkerController - WorkerController.deleteWorker:55 - INFO: Worker with 1 found (at deleteWorker method)
2024-03-09 13:01:36.727 [mutationTestThread] INFO  com.example.orderAssignmentSystem.controller.WorkerController - WorkerController.deleteWorker:55 - INFO: Worker with 1 found (at deleteWorker method)
2024-03-09 13:01:36.753 [mutationTestThread] ERROR com.example.orderAssignmentSystem.controller.WorkerController - WorkerController.deleteWorker:79 - ERROR: No worker Exists with id (at deleteWorker method)1
2024-03-09 13:01:36.806 [mutationTestThread] INFO  com.example.orderAssignmentSystem.controller.WorkerController - WorkerController.deleteWorker:55 - INFO: Worker with 1 found (at deleteWorker method)
2024-03-09 13:01:36.809 [mutationTestThread] INFO  com.example.orderAssignmentSystem.controller.WorkerController - WorkerController.deleteWorker:55 - INFO: Worker with 1 found (at deleteWorker method)
2024-03-09 13:01:36.813 [mutationTestThread] INFO  com.example.orderAssignmentSystem.controller.WorkerController - WorkerController.deleteWorker:55 - INFO: Worker with 1 found (at deleteWorker method)
2024-03-09 13:01:36.868 [mutationTestThread] INFO  com.example.orderAssignmentSystem.controller.WorkerController - WorkerController.createNewWorker:34 - INFO: Worker with 1 found  (at createNewWorker method)
2024-03-09 13:01:36.869 [mutationTestThread] ERROR com.example.orderAssignmentSystem.controller.WorkerController - WorkerController.createNewWorker:35 - ERROR: Therefore new worker with this id cannot be created!  (at createNewWorker method)
2024-03-09 13:01:36.893 [mutationTestThread] INFO  com.example.orderAssignmentSystem.controller.WorkerController - WorkerController.deleteWorker:55 - INFO: Worker with 1 found (at deleteWorker method)
2024-03-09 13:01:36.920 [mutationTestThread] ERROR com.example.orderAssignmentSystem.controller.WorkerController - WorkerController.deleteWorker:79 - ERROR: No worker Exists with id (at deleteWorker method)1
2024-03-09 13:01:36.945 [mutationTestThread] INFO  com.example.orderAssignmentSystem.controller.WorkerController - WorkerController.createNewWorker:39 - INFO: Worker with 1 not found  (at createNewWorker method)
2024-03-09 13:01:36.948 [mutationTestThread] INFO  com.example.orderAssignmentSystem.controller.WorkerController - WorkerController.createNewWorker:39 - INFO: Worker with 1 not found  (at createNewWorker method)
2024-03-09 13:01:36.970 [mutationTestThread] INFO  com.example.orderAssignmentSystem.controller.WorkerController - WorkerController.deleteWorker:55 - INFO: Worker with 1 found (at deleteWorker method)
2024-03-09 13:01:36.973 [mutationTestThread] INFO  com.example.orderAssignmentSystem.controller.WorkerController - WorkerController.deleteWorker:55 - INFO: Worker with 1 found (at deleteWorker method)
2024-03-09 13:01:37.025 [mutationTestThread] INFO  com.example.orderAssignmentSystem.controller.WorkerController - WorkerController.deleteWorker:55 - INFO: Worker with 1 found (at deleteWorker method)
2024-03-09 13:01:37.025 [mutationTestThread] ERROR com.example.orderAssignmentSystem.controller.WorkerController - WorkerController.deleteWorker:68 - ERROR: This worker has 1 orders cannot delete worker with assigned orders  (at deleteWorker method)
2024-03-09 13:01:37.025 [mutationTestThread] ERROR com.example.orderAssignmentSystem.controller.WorkerController - WorkerController.deleteWorker:79 - ERROR: No worker Exists with id (at deleteWorker method)1
2024-03-09 13:01:37.051 [mutationTestThread] INFO  com.example.orderAssignmentSystem.controller.WorkerController - WorkerController.createNewWorker:39 - INFO: Worker with 1 not found  (at createNewWorker method)
