2024-03-08 16:36:53.796 [main] ERROR com.example.orderAssignmentSystem.controller.WorkerController - Worker cannot be null
2024-03-08 16:36:53.836 [main] INFO  com.example.orderAssignmentSystem.controller.WorkerController - Worker with 1 found
2024-03-08 16:36:53.837 [main] DEBUG com.example.orderAssignmentSystem.controller.WorkerController - Worker deleted sucessfully since no orders found
2024-03-08 16:36:53.851 [main] INFO  com.example.orderAssignmentSystem.controller.WorkerController - Worker with 1 found
2024-03-08 16:36:53.854 [main] ERROR com.example.orderAssignmentSystem.controller.WorkerController - This worker has 1 orders cannot delete worker with assigned orders
2024-03-08 16:36:53.855 [main] ERROR com.example.orderAssignmentSystem.controller.WorkerController - No worker Exists with id 1
2024-03-08 16:36:53.857 [main] INFO  com.example.orderAssignmentSystem.controller.WorkerController - Worker with 1 found
2024-03-08 16:36:53.858 [main] DEBUG com.example.orderAssignmentSystem.controller.WorkerController - Worker deleted sucessfully since no orders found
2024-03-08 16:36:53.868 [main] ERROR com.example.orderAssignmentSystem.controller.WorkerController - No worker Exists with id 1
2024-03-08 16:36:53.871 [main] INFO  com.example.orderAssignmentSystem.controller.WorkerController - Worker with 1 found
2024-03-08 16:36:53.872 [main] ERROR com.example.orderAssignmentSystem.controller.WorkerController - Therefore new worker with this id cannot be created!
2024-03-08 16:36:53.877 [main] INFO  com.example.orderAssignmentSystem.controller.WorkerController - Worker with 1 not found
2024-03-08 16:36:53.877 [main] DEBUG com.example.orderAssignmentSystem.controller.WorkerController - Worker with 1 created!
2024-03-08 16:36:53.879 [main] ERROR com.example.orderAssignmentSystem.controller.WorkerController - Worker cannot be null
2024-03-08 16:39:33.559 [main] ERROR com.example.orderAssignmentSystem.controller.WorkerController - Worker cannot be null
2024-03-08 16:39:33.599 [main] INFO  com.example.orderAssignmentSystem.controller.WorkerController - Worker with 1 found
2024-03-08 16:39:33.599 [main] DEBUG com.example.orderAssignmentSystem.controller.WorkerController - Worker deleted sucessfully since no orders found
2024-03-08 16:39:33.608 [main] INFO  com.example.orderAssignmentSystem.controller.WorkerController - Worker with 1 found
2024-03-08 16:39:33.609 [main] ERROR com.example.orderAssignmentSystem.controller.WorkerController - This worker has 1 orders cannot delete worker with assigned orders
2024-03-08 16:39:33.609 [main] ERROR com.example.orderAssignmentSystem.controller.WorkerController - No worker Exists with id 1
2024-03-08 16:39:33.612 [main] INFO  com.example.orderAssignmentSystem.controller.WorkerController - Worker with 1 found
2024-03-08 16:39:33.613 [main] DEBUG com.example.orderAssignmentSystem.controller.WorkerController - Worker deleted sucessfully since no orders found
2024-03-08 16:39:33.626 [main] ERROR com.example.orderAssignmentSystem.controller.WorkerController - No worker Exists with id 1
2024-03-08 16:39:33.630 [main] INFO  com.example.orderAssignmentSystem.controller.WorkerController - Worker with 1 found
2024-03-08 16:39:33.631 [main] ERROR com.example.orderAssignmentSystem.controller.WorkerController - Therefore new worker with this id cannot be created!
2024-03-08 16:39:33.635 [main] INFO  com.example.orderAssignmentSystem.controller.WorkerController - Worker with 1 not found
2024-03-08 16:39:33.636 [main] DEBUG com.example.orderAssignmentSystem.controller.WorkerController - Worker with 1 created!
2024-03-08 16:39:33.638 [main] ERROR com.example.orderAssignmentSystem.controller.WorkerController - Worker cannot be null
2024-03-08 16:44:31.275 [main] ERROR com.example.orderAssignmentSystem.controller.WorkerController - WorkerController.createNewWorker:28 - Worker cannot be null
2024-03-08 16:44:31.315 [main] INFO  com.example.orderAssignmentSystem.controller.WorkerController - WorkerController.deleteWorker:55 - Worker with 1 found
2024-03-08 16:44:31.316 [main] DEBUG com.example.orderAssignmentSystem.controller.WorkerController - WorkerController.deleteWorker:59 - Worker deleted sucessfully since no orders found
2024-03-08 16:44:31.327 [main] INFO  com.example.orderAssignmentSystem.controller.WorkerController - WorkerController.deleteWorker:55 - Worker with 1 found
2024-03-08 16:44:31.329 [main] ERROR com.example.orderAssignmentSystem.controller.WorkerController - WorkerController.deleteWorker:68 - This worker has 1 orders cannot delete worker with assigned orders
2024-03-08 16:44:31.330 [main] ERROR com.example.orderAssignmentSystem.controller.WorkerController - WorkerController.deleteWorker:77 - No worker Exists with id 1
2024-03-08 16:44:31.332 [main] INFO  com.example.orderAssignmentSystem.controller.WorkerController - WorkerController.deleteWorker:55 - Worker with 1 found
2024-03-08 16:44:31.333 [main] DEBUG com.example.orderAssignmentSystem.controller.WorkerController - WorkerController.deleteWorker:64 - Worker deleted sucessfully since no orders found
2024-03-08 16:44:31.339 [main] ERROR com.example.orderAssignmentSystem.controller.WorkerController - WorkerController.deleteWorker:77 - No worker Exists with id 1
2024-03-08 16:44:31.342 [main] INFO  com.example.orderAssignmentSystem.controller.WorkerController - WorkerController.createNewWorker:34 - Worker with 1 found
2024-03-08 16:44:31.343 [main] ERROR com.example.orderAssignmentSystem.controller.WorkerController - WorkerController.createNewWorker:35 - Therefore new worker with this id cannot be created!
2024-03-08 16:44:31.347 [main] INFO  com.example.orderAssignmentSystem.controller.WorkerController - WorkerController.createNewWorker:39 - Worker with 1 not found
2024-03-08 16:44:31.347 [main] DEBUG com.example.orderAssignmentSystem.controller.WorkerController - WorkerController.createNewWorker:42 - Worker with 1 created!
2024-03-08 16:44:31.349 [main] ERROR com.example.orderAssignmentSystem.controller.WorkerController - WorkerController.deleteWorker:50 - Worker cannot be null
2024-03-08 16:45:06.969 [main] ERROR com.example.orderAssignmentSystem.controller.WorkerController - WorkerController.createNewWorker:28 - Worker cannot be null
2024-03-08 16:45:07.003 [main] INFO  com.example.orderAssignmentSystem.controller.WorkerController - WorkerController.deleteWorker:55 - Worker with 1 found
2024-03-08 16:45:07.004 [main] DEBUG com.example.orderAssignmentSystem.controller.WorkerController - WorkerController.deleteWorker:59 - Worker deleted sucessfully since no orders found
2024-03-08 16:45:07.014 [main] INFO  com.example.orderAssignmentSystem.controller.WorkerController - WorkerController.deleteWorker:55 - Worker with 1 found
2024-03-08 16:45:07.016 [main] ERROR com.example.orderAssignmentSystem.controller.WorkerController - WorkerController.deleteWorker:68 - This worker has 1 orders cannot delete worker with assigned orders
2024-03-08 16:45:07.017 [main] ERROR com.example.orderAssignmentSystem.controller.WorkerController - WorkerController.deleteWorker:77 - No worker Exists with id 1
2024-03-08 16:45:07.019 [main] INFO  com.example.orderAssignmentSystem.controller.WorkerController - WorkerController.deleteWorker:55 - Worker with 1 found
2024-03-08 16:45:07.020 [main] DEBUG com.example.orderAssignmentSystem.controller.WorkerController - WorkerController.deleteWorker:64 - Worker deleted sucessfully since no orders found
2024-03-08 16:45:07.026 [main] ERROR com.example.orderAssignmentSystem.controller.WorkerController - WorkerController.deleteWorker:77 - No worker Exists with id 1
2024-03-08 16:45:07.029 [main] INFO  com.example.orderAssignmentSystem.controller.WorkerController - WorkerController.createNewWorker:34 - Worker with 1 found
2024-03-08 16:45:07.029 [main] ERROR com.example.orderAssignmentSystem.controller.WorkerController - WorkerController.createNewWorker:35 - Therefore new worker with this id cannot be created!
2024-03-08 16:45:07.034 [main] INFO  com.example.orderAssignmentSystem.controller.WorkerController - WorkerController.createNewWorker:39 - Worker with 1 not found
2024-03-08 16:45:07.034 [main] DEBUG com.example.orderAssignmentSystem.controller.WorkerController - WorkerController.createNewWorker:42 - Worker with 1 created!
2024-03-08 16:45:07.036 [main] ERROR com.example.orderAssignmentSystem.controller.WorkerController - WorkerController.deleteWorker:50 - Worker cannot be null
2024-03-08 16:50:11.110 [main] ERROR com.example.orderAssignmentSystem.controller.WorkerController - WorkerController.createNewWorker:28 - ERROR: Worker cannot be null (at createNewWorker method)
2024-03-08 16:50:11.147 [main] INFO  com.example.orderAssignmentSystem.controller.WorkerController - WorkerController.deleteWorker:55 - INFO: Worker with 1 found (at deleteWorker method)
2024-03-08 16:50:11.147 [main] DEBUG com.example.orderAssignmentSystem.controller.WorkerController - WorkerController.deleteWorker:59 - DEBUG: Worker deleted sucessfully since no orders found (at deleteWorker method)
2024-03-08 16:50:11.157 [main] INFO  com.example.orderAssignmentSystem.controller.WorkerController - WorkerController.deleteWorker:55 - INFO: Worker with 1 found (at deleteWorker method)
2024-03-08 16:50:11.159 [main] ERROR com.example.orderAssignmentSystem.controller.WorkerController - WorkerController.deleteWorker:68 - ERROR: This worker has 1 orders cannot delete worker with assigned orders  (at deleteWorker method)
2024-03-08 16:50:11.160 [main] ERROR com.example.orderAssignmentSystem.controller.WorkerController - WorkerController.deleteWorker:79 - ERROR: No worker Exists with id (at deleteWorker method)1
2024-03-08 16:50:11.162 [main] INFO  com.example.orderAssignmentSystem.controller.WorkerController - WorkerController.deleteWorker:55 - INFO: Worker with 1 found (at deleteWorker method)
2024-03-08 16:50:11.162 [main] DEBUG com.example.orderAssignmentSystem.controller.WorkerController - WorkerController.deleteWorker:64 - DEBUG: Worker deleted sucessfully since no orders found (at deleteWorker method)
2024-03-08 16:50:11.168 [main] ERROR com.example.orderAssignmentSystem.controller.WorkerController - WorkerController.deleteWorker:79 - ERROR: No worker Exists with id (at deleteWorker method)1
2024-03-08 16:50:11.170 [main] INFO  com.example.orderAssignmentSystem.controller.WorkerController - WorkerController.createNewWorker:34 - INFO: Worker with 1 found  (at createNewWorker method)
2024-03-08 16:50:11.171 [main] ERROR com.example.orderAssignmentSystem.controller.WorkerController - WorkerController.createNewWorker:35 - ERROR: Therefore new worker with this id cannot be created!  (at createNewWorker method)
2024-03-08 16:50:11.176 [main] INFO  com.example.orderAssignmentSystem.controller.WorkerController - WorkerController.createNewWorker:39 - INFO: Worker with 1 not found  (at createNewWorker method)
2024-03-08 16:50:11.177 [main] DEBUG com.example.orderAssignmentSystem.controller.WorkerController - WorkerController.createNewWorker:42 - DEBUG: Worker with 1 created!  (at createNewWorker method)
2024-03-08 16:50:11.179 [main] ERROR com.example.orderAssignmentSystem.controller.WorkerController - WorkerController.deleteWorker:50 - ERROR: Worker cannot be null (at deleteWorker method)
2024-03-08 17:01:53.623 [main] DEBUG com.example.orderAssignmentSystem.controller.WorkerController - OrderController.modifyOrderStatus:117 - DEBUG: Order is sucessfully modified! (at modifyOrderStatus method)
2024-03-08 17:01:53.640 [main] ERROR com.example.orderAssignmentSystem.controller.WorkerController - OrderController.createNewOrder:33 - ERROR: Order cannot be null (at createNewOrder method)
2024-03-08 17:01:53.642 [main] INFO  com.example.orderAssignmentSystem.controller.WorkerController - OrderController.modifyOrderStatus:110 - INFO: No modification occore since order status is not changed (at modifyOrderStatus method)
2024-03-08 17:01:53.644 [main] ERROR com.example.orderAssignmentSystem.controller.WorkerController - OrderController.deleteOrder:70 - ERROR: Order cannot be null (at deleteOrder method)
2024-03-08 17:01:53.646 [main] ERROR com.example.orderAssignmentSystem.controller.WorkerController - OrderController.modifyOrderStatus:104 - ERROR: No order exist with id 1 (at modifyOrderStatus method)
2024-03-08 17:01:53.651 [main] ERROR com.example.orderAssignmentSystem.controller.WorkerController - OrderController.modifyOrderStatus:97 - ERROR: Status cannot be null (at modifyOrderStatus method)
2024-03-08 17:01:53.653 [main] ERROR com.example.orderAssignmentSystem.controller.WorkerController - OrderController.createNewOrder:58 - ERROR: Worker not found (at createNewOrder method)
2024-03-08 17:01:53.660 [main] ERROR com.example.orderAssignmentSystem.controller.WorkerController - OrderController.modifyOrderStatus:92 - ERROR: Order cannot be null (at modifyOrderStatus method)
2024-03-08 17:01:53.661 [main] ERROR com.example.orderAssignmentSystem.controller.WorkerController - OrderController.createNewOrder:62 - ERROR: WorkerId cannot be null (at createNewOrder method)
2024-03-08 17:01:53.666 [main] INFO  com.example.orderAssignmentSystem.controller.WorkerController - OrderController.createNewOrder:49 - INFO: Worker with 1 found  (at createNewOrder method)
2024-03-08 17:01:53.667 [main] INFO  com.example.orderAssignmentSystem.controller.WorkerController - OrderController.createNewOrder:52 - INFO: OrderStatus is set to Pending (at createNewOrder method)
2024-03-08 17:01:53.667 [main] INFO  com.example.orderAssignmentSystem.controller.WorkerController - OrderController.createNewOrder:55 - INFO: Order is sucessfully created! (at createNewOrder method)
2024-03-08 17:01:53.670 [main] INFO  com.example.orderAssignmentSystem.controller.WorkerController - OrderController.deleteOrder:76 - INFO: Order with 1 found  (at deleteOrder method)
2024-03-08 17:01:53.671 [main] DEBUG com.example.orderAssignmentSystem.controller.WorkerController - OrderController.deleteOrder:79 - DEBUG: Order is sucessfully deleted! (at deleteOrder method)
2024-03-08 17:01:53.673 [main] ERROR com.example.orderAssignmentSystem.controller.WorkerController - OrderController.deleteOrder:84 - ERROR: No order exist with id1 (at deleteOrder method)
2024-03-08 17:01:53.677 [main] INFO  com.example.orderAssignmentSystem.controller.WorkerController - OrderController.createNewOrder:39 - INFO: Order with 1 found  (at createNewOrder method)
2024-03-08 17:01:53.677 [main] ERROR com.example.orderAssignmentSystem.controller.WorkerController - OrderController.createNewOrder:40 - ERROR: Therefore new order with this id cannot be created!  (at createNewOrder method)
2024-03-08 17:02:36.636 [main] DEBUG com.example.orderAssignmentSystem.controller.WorkerController - OrderController.modifyOrderStatus:117 - DEBUG: Order is sucessfully modified! (at modifyOrderStatus method)
2024-03-08 17:02:36.653 [main] ERROR com.example.orderAssignmentSystem.controller.WorkerController - OrderController.createNewOrder:33 - ERROR: Order cannot be null (at createNewOrder method)
2024-03-08 17:02:36.655 [main] INFO  com.example.orderAssignmentSystem.controller.WorkerController - OrderController.modifyOrderStatus:110 - INFO: No modification occore since order status is not changed (at modifyOrderStatus method)
2024-03-08 17:02:36.657 [main] ERROR com.example.orderAssignmentSystem.controller.WorkerController - OrderController.deleteOrder:70 - ERROR: Order cannot be null (at deleteOrder method)
2024-03-08 17:02:36.660 [main] ERROR com.example.orderAssignmentSystem.controller.WorkerController - OrderController.modifyOrderStatus:104 - ERROR: No order exist with id 1 (at modifyOrderStatus method)
2024-03-08 17:02:36.664 [main] ERROR com.example.orderAssignmentSystem.controller.WorkerController - OrderController.modifyOrderStatus:97 - ERROR: Status cannot be null (at modifyOrderStatus method)
2024-03-08 17:02:36.667 [main] ERROR com.example.orderAssignmentSystem.controller.WorkerController - OrderController.createNewOrder:58 - ERROR: Worker not found (at createNewOrder method)
2024-03-08 17:02:36.674 [main] ERROR com.example.orderAssignmentSystem.controller.WorkerController - OrderController.modifyOrderStatus:92 - ERROR: Order cannot be null (at modifyOrderStatus method)
2024-03-08 17:02:36.677 [main] ERROR com.example.orderAssignmentSystem.controller.WorkerController - OrderController.createNewOrder:62 - ERROR: WorkerId cannot be null (at createNewOrder method)
2024-03-08 17:02:36.681 [main] INFO  com.example.orderAssignmentSystem.controller.WorkerController - OrderController.createNewOrder:49 - INFO: Worker with 1 found  (at createNewOrder method)
2024-03-08 17:02:36.681 [main] INFO  com.example.orderAssignmentSystem.controller.WorkerController - OrderController.createNewOrder:52 - INFO: OrderStatus is set to Pending (at createNewOrder method)
2024-03-08 17:02:36.682 [main] INFO  com.example.orderAssignmentSystem.controller.WorkerController - OrderController.createNewOrder:55 - INFO: Order is sucessfully created! (at createNewOrder method)
2024-03-08 17:02:36.686 [main] INFO  com.example.orderAssignmentSystem.controller.WorkerController - OrderController.deleteOrder:76 - INFO: Order with 1 found  (at deleteOrder method)
2024-03-08 17:02:36.686 [main] DEBUG com.example.orderAssignmentSystem.controller.WorkerController - OrderController.deleteOrder:79 - DEBUG: Order is sucessfully deleted! (at deleteOrder method)
2024-03-08 17:02:36.689 [main] ERROR com.example.orderAssignmentSystem.controller.WorkerController - OrderController.deleteOrder:84 - ERROR: No order exist with id1 (at deleteOrder method)
2024-03-08 17:02:36.691 [main] INFO  com.example.orderAssignmentSystem.controller.WorkerController - OrderController.createNewOrder:39 - INFO: Order with 1 found  (at createNewOrder method)
2024-03-08 17:02:36.692 [main] ERROR com.example.orderAssignmentSystem.controller.WorkerController - OrderController.createNewOrder:40 - ERROR: Therefore new order with this id cannot be created!  (at createNewOrder method)
2024-03-08 17:03:27.616 [main] DEBUG com.example.orderAssignmentSystem.controller.WorkerController - OrderController.modifyOrderStatus:117 - DEBUG: Order is sucessfully modified! (at modifyOrderStatus method)
2024-03-08 17:03:27.631 [main] ERROR com.example.orderAssignmentSystem.controller.WorkerController - OrderController.createNewOrder:33 - ERROR: Order cannot be null (at createNewOrder method)
2024-03-08 17:03:27.633 [main] INFO  com.example.orderAssignmentSystem.controller.WorkerController - OrderController.modifyOrderStatus:110 - INFO: No modification occore since order status is not changed (at modifyOrderStatus method)
2024-03-08 17:03:27.635 [main] ERROR com.example.orderAssignmentSystem.controller.WorkerController - OrderController.deleteOrder:70 - ERROR: Order cannot be null (at deleteOrder method)
2024-03-08 17:03:27.637 [main] ERROR com.example.orderAssignmentSystem.controller.WorkerController - OrderController.modifyOrderStatus:104 - ERROR: No order exist with id 1 (at modifyOrderStatus method)
2024-03-08 17:03:27.642 [main] ERROR com.example.orderAssignmentSystem.controller.WorkerController - OrderController.modifyOrderStatus:97 - ERROR: Status cannot be null (at modifyOrderStatus method)
2024-03-08 17:03:27.645 [main] ERROR com.example.orderAssignmentSystem.controller.WorkerController - OrderController.createNewOrder:58 - ERROR: Worker not found (at createNewOrder method)
2024-03-08 17:03:27.651 [main] ERROR com.example.orderAssignmentSystem.controller.WorkerController - OrderController.modifyOrderStatus:92 - ERROR: Order cannot be null (at modifyOrderStatus method)
2024-03-08 17:03:27.653 [main] ERROR com.example.orderAssignmentSystem.controller.WorkerController - OrderController.createNewOrder:62 - ERROR: WorkerId cannot be null (at createNewOrder method)
2024-03-08 17:03:27.657 [main] INFO  com.example.orderAssignmentSystem.controller.WorkerController - OrderController.createNewOrder:49 - INFO: Worker with 1 found  (at createNewOrder method)
2024-03-08 17:03:27.657 [main] INFO  com.example.orderAssignmentSystem.controller.WorkerController - OrderController.createNewOrder:52 - INFO: OrderStatus is set to Pending (at createNewOrder method)
2024-03-08 17:03:27.659 [main] INFO  com.example.orderAssignmentSystem.controller.WorkerController - OrderController.createNewOrder:55 - INFO: Order is sucessfully created! (at createNewOrder method)
2024-03-08 17:03:27.662 [main] INFO  com.example.orderAssignmentSystem.controller.WorkerController - OrderController.deleteOrder:76 - INFO: Order with 1 found  (at deleteOrder method)
2024-03-08 17:03:27.663 [main] DEBUG com.example.orderAssignmentSystem.controller.WorkerController - OrderController.deleteOrder:79 - DEBUG: Order is sucessfully deleted! (at deleteOrder method)
2024-03-08 17:03:27.665 [main] ERROR com.example.orderAssignmentSystem.controller.WorkerController - OrderController.deleteOrder:84 - ERROR: No order exist with id1 (at deleteOrder method)
2024-03-08 17:03:27.668 [main] INFO  com.example.orderAssignmentSystem.controller.WorkerController - OrderController.createNewOrder:39 - INFO: Order with 1 found  (at createNewOrder method)
2024-03-08 17:03:27.668 [main] ERROR com.example.orderAssignmentSystem.controller.WorkerController - OrderController.createNewOrder:40 - ERROR: Therefore new order with this id cannot be created!  (at createNewOrder method)
2024-03-08 17:08:42.660 [main] ERROR com.example.orderAssignmentSystem.controller.WorkerController - WorkerController.createNewWorker:28 - ERROR: Worker cannot be null (at createNewWorker method)
2024-03-08 17:08:42.694 [main] INFO  com.example.orderAssignmentSystem.controller.WorkerController - WorkerController.deleteWorker:55 - INFO: Worker with 1 found (at deleteWorker method)
2024-03-08 17:08:42.695 [main] DEBUG com.example.orderAssignmentSystem.controller.WorkerController - WorkerController.deleteWorker:59 - DEBUG: Worker deleted sucessfully since no orders found (at deleteWorker method)
2024-03-08 17:08:42.706 [main] INFO  com.example.orderAssignmentSystem.controller.WorkerController - WorkerController.deleteWorker:55 - INFO: Worker with 1 found (at deleteWorker method)
2024-03-08 17:08:42.710 [main] ERROR com.example.orderAssignmentSystem.controller.WorkerController - WorkerController.deleteWorker:68 - ERROR: This worker has 1 orders cannot delete worker with assigned orders  (at deleteWorker method)
2024-03-08 17:08:42.710 [main] ERROR com.example.orderAssignmentSystem.controller.WorkerController - WorkerController.deleteWorker:79 - ERROR: No worker Exists with id (at deleteWorker method)1
2024-03-08 17:08:42.713 [main] INFO  com.example.orderAssignmentSystem.controller.WorkerController - WorkerController.deleteWorker:55 - INFO: Worker with 1 found (at deleteWorker method)
2024-03-08 17:08:42.713 [main] DEBUG com.example.orderAssignmentSystem.controller.WorkerController - WorkerController.deleteWorker:64 - DEBUG: Worker deleted sucessfully since no orders found (at deleteWorker method)
2024-03-08 17:08:42.719 [main] ERROR com.example.orderAssignmentSystem.controller.WorkerController - WorkerController.deleteWorker:79 - ERROR: No worker Exists with id (at deleteWorker method)1
2024-03-08 17:08:42.721 [main] INFO  com.example.orderAssignmentSystem.controller.WorkerController - WorkerController.createNewWorker:34 - INFO: Worker with 1 found  (at createNewWorker method)
2024-03-08 17:08:42.722 [main] ERROR com.example.orderAssignmentSystem.controller.WorkerController - WorkerController.createNewWorker:35 - ERROR: Therefore new worker with this id cannot be created!  (at createNewWorker method)
2024-03-08 17:08:42.726 [main] INFO  com.example.orderAssignmentSystem.controller.WorkerController - WorkerController.createNewWorker:39 - INFO: Worker with 1 not found  (at createNewWorker method)
2024-03-08 17:08:42.727 [main] DEBUG com.example.orderAssignmentSystem.controller.WorkerController - WorkerController.createNewWorker:42 - DEBUG: Worker with 1 created!  (at createNewWorker method)
2024-03-08 17:08:42.729 [main] ERROR com.example.orderAssignmentSystem.controller.WorkerController - WorkerController.deleteWorker:50 - ERROR: Worker cannot be null (at deleteWorker method)
2024-03-08 17:50:39.289 [main] ERROR com.example.orderAssignmentSystem.controller.WorkerController - WorkerController.createNewWorker:28 - ERROR: Worker cannot be null (at createNewWorker method)
2024-03-08 17:50:39.329 [main] INFO  com.example.orderAssignmentSystem.controller.WorkerController - WorkerController.deleteWorker:55 - INFO: Worker with 1 found (at deleteWorker method)
2024-03-08 17:50:39.330 [main] DEBUG com.example.orderAssignmentSystem.controller.WorkerController - WorkerController.deleteWorker:59 - DEBUG: Worker deleted sucessfully since no orders found (at deleteWorker method)
2024-03-08 17:50:39.338 [main] INFO  com.example.orderAssignmentSystem.controller.WorkerController - WorkerController.deleteWorker:55 - INFO: Worker with 1 found (at deleteWorker method)
2024-03-08 17:50:39.342 [main] ERROR com.example.orderAssignmentSystem.controller.WorkerController - WorkerController.deleteWorker:68 - ERROR: This worker has 1 orders cannot delete worker with assigned orders  (at deleteWorker method)
2024-03-08 17:50:39.343 [main] ERROR com.example.orderAssignmentSystem.controller.WorkerController - WorkerController.deleteWorker:79 - ERROR: No worker Exists with id (at deleteWorker method)1
2024-03-08 17:50:39.348 [main] INFO  com.example.orderAssignmentSystem.controller.WorkerController - WorkerController.deleteWorker:55 - INFO: Worker with 1 found (at deleteWorker method)
2024-03-08 17:50:39.349 [main] DEBUG com.example.orderAssignmentSystem.controller.WorkerController - WorkerController.deleteWorker:64 - DEBUG: Worker deleted sucessfully since no orders found (at deleteWorker method)
2024-03-08 17:50:39.363 [main] ERROR com.example.orderAssignmentSystem.controller.WorkerController - WorkerController.deleteWorker:79 - ERROR: No worker Exists with id (at deleteWorker method)1
2024-03-08 17:50:39.366 [main] INFO  com.example.orderAssignmentSystem.controller.WorkerController - WorkerController.createNewWorker:34 - INFO: Worker with 1 found  (at createNewWorker method)
2024-03-08 17:50:39.367 [main] ERROR com.example.orderAssignmentSystem.controller.WorkerController - WorkerController.createNewWorker:35 - ERROR: Therefore new worker with this id cannot be created!  (at createNewWorker method)
2024-03-08 17:50:39.372 [main] INFO  com.example.orderAssignmentSystem.controller.WorkerController - WorkerController.createNewWorker:39 - INFO: Worker with 1 not found  (at createNewWorker method)
2024-03-08 17:50:39.373 [main] DEBUG com.example.orderAssignmentSystem.controller.WorkerController - WorkerController.createNewWorker:42 - DEBUG: Worker with 1 created!  (at createNewWorker method)
2024-03-08 17:50:39.377 [main] ERROR com.example.orderAssignmentSystem.controller.WorkerController - WorkerController.deleteWorker:50 - ERROR: Worker cannot be null (at deleteWorker method)
2024-03-08 17:50:39.526 [main] DEBUG com.example.orderAssignmentSystem.controller.WorkerController - OrderController.modifyOrderStatus:117 - DEBUG: Order is sucessfully modified! (at modifyOrderStatus method)
2024-03-08 17:50:39.530 [main] ERROR com.example.orderAssignmentSystem.controller.WorkerController - OrderController.createNewOrder:33 - ERROR: Order cannot be null (at createNewOrder method)
2024-03-08 17:50:39.533 [main] INFO  com.example.orderAssignmentSystem.controller.WorkerController - OrderController.modifyOrderStatus:110 - INFO: No modification occore since order status is not changed (at modifyOrderStatus method)
2024-03-08 17:50:39.541 [main] ERROR com.example.orderAssignmentSystem.controller.WorkerController - OrderController.deleteOrder:70 - ERROR: Order cannot be null (at deleteOrder method)
2024-03-08 17:50:39.546 [main] ERROR com.example.orderAssignmentSystem.controller.WorkerController - OrderController.modifyOrderStatus:104 - ERROR: No order exist with id 1 (at modifyOrderStatus method)
2024-03-08 17:50:39.553 [main] ERROR com.example.orderAssignmentSystem.controller.WorkerController - OrderController.modifyOrderStatus:97 - ERROR: Status cannot be null (at modifyOrderStatus method)
2024-03-08 17:50:39.557 [main] ERROR com.example.orderAssignmentSystem.controller.WorkerController - OrderController.createNewOrder:58 - ERROR: Worker not found (at createNewOrder method)
2024-03-08 17:50:39.563 [main] ERROR com.example.orderAssignmentSystem.controller.WorkerController - OrderController.modifyOrderStatus:92 - ERROR: Order cannot be null (at modifyOrderStatus method)
2024-03-08 17:50:39.570 [main] ERROR com.example.orderAssignmentSystem.controller.WorkerController - OrderController.createNewOrder:62 - ERROR: WorkerId cannot be null (at createNewOrder method)
2024-03-08 17:50:39.574 [main] INFO  com.example.orderAssignmentSystem.controller.WorkerController - OrderController.createNewOrder:49 - INFO: Worker with 1 found  (at createNewOrder method)
2024-03-08 17:50:39.575 [main] INFO  com.example.orderAssignmentSystem.controller.WorkerController - OrderController.createNewOrder:52 - INFO: OrderStatus is set to Pending (at createNewOrder method)
2024-03-08 17:50:39.575 [main] INFO  com.example.orderAssignmentSystem.controller.WorkerController - OrderController.createNewOrder:55 - INFO: Order is sucessfully created! (at createNewOrder method)
2024-03-08 17:50:39.579 [main] INFO  com.example.orderAssignmentSystem.controller.WorkerController - OrderController.deleteOrder:76 - INFO: Order with 1 found  (at deleteOrder method)
2024-03-08 17:50:39.581 [main] DEBUG com.example.orderAssignmentSystem.controller.WorkerController - OrderController.deleteOrder:79 - DEBUG: Order is sucessfully deleted! (at deleteOrder method)
2024-03-08 17:50:39.585 [main] ERROR com.example.orderAssignmentSystem.controller.WorkerController - OrderController.deleteOrder:84 - ERROR: No order exist with id1 (at deleteOrder method)
2024-03-08 17:50:39.590 [main] INFO  com.example.orderAssignmentSystem.controller.WorkerController - OrderController.createNewOrder:39 - INFO: Order with 1 found  (at createNewOrder method)
2024-03-08 17:50:39.590 [main] ERROR com.example.orderAssignmentSystem.controller.WorkerController - OrderController.createNewOrder:40 - ERROR: Therefore new order with this id cannot be created!  (at createNewOrder method)
2024-03-08 17:51:01.348 [main] ERROR com.example.orderAssignmentSystem.controller.WorkerController - WorkerController.createNewWorker:28 - ERROR: Worker cannot be null (at createNewWorker method)
2024-03-08 17:51:01.380 [main] INFO  com.example.orderAssignmentSystem.controller.WorkerController - WorkerController.deleteWorker:55 - INFO: Worker with 1 found (at deleteWorker method)
2024-03-08 17:51:01.381 [main] DEBUG com.example.orderAssignmentSystem.controller.WorkerController - WorkerController.deleteWorker:59 - DEBUG: Worker deleted sucessfully since no orders found (at deleteWorker method)
2024-03-08 17:51:01.388 [main] INFO  com.example.orderAssignmentSystem.controller.WorkerController - WorkerController.deleteWorker:55 - INFO: Worker with 1 found (at deleteWorker method)
2024-03-08 17:51:01.390 [main] ERROR com.example.orderAssignmentSystem.controller.WorkerController - WorkerController.deleteWorker:68 - ERROR: This worker has 1 orders cannot delete worker with assigned orders  (at deleteWorker method)
2024-03-08 17:51:01.391 [main] ERROR com.example.orderAssignmentSystem.controller.WorkerController - WorkerController.deleteWorker:79 - ERROR: No worker Exists with id (at deleteWorker method)1
2024-03-08 17:51:01.393 [main] INFO  com.example.orderAssignmentSystem.controller.WorkerController - WorkerController.deleteWorker:55 - INFO: Worker with 1 found (at deleteWorker method)
2024-03-08 17:51:01.394 [main] DEBUG com.example.orderAssignmentSystem.controller.WorkerController - WorkerController.deleteWorker:64 - DEBUG: Worker deleted sucessfully since no orders found (at deleteWorker method)
2024-03-08 17:51:01.403 [main] ERROR com.example.orderAssignmentSystem.controller.WorkerController - WorkerController.deleteWorker:79 - ERROR: No worker Exists with id (at deleteWorker method)1
2024-03-08 17:51:01.405 [main] INFO  com.example.orderAssignmentSystem.controller.WorkerController - WorkerController.createNewWorker:34 - INFO: Worker with 1 found  (at createNewWorker method)
2024-03-08 17:51:01.405 [main] ERROR com.example.orderAssignmentSystem.controller.WorkerController - WorkerController.createNewWorker:35 - ERROR: Therefore new worker with this id cannot be created!  (at createNewWorker method)
2024-03-08 17:51:01.410 [main] INFO  com.example.orderAssignmentSystem.controller.WorkerController - WorkerController.createNewWorker:39 - INFO: Worker with 1 not found  (at createNewWorker method)
2024-03-08 17:51:01.411 [main] DEBUG com.example.orderAssignmentSystem.controller.WorkerController - WorkerController.createNewWorker:42 - DEBUG: Worker with 1 created!  (at createNewWorker method)
2024-03-08 17:51:01.414 [main] ERROR com.example.orderAssignmentSystem.controller.WorkerController - WorkerController.deleteWorker:50 - ERROR: Worker cannot be null (at deleteWorker method)
2024-03-08 17:51:01.603 [main] DEBUG com.example.orderAssignmentSystem.controller.WorkerController - OrderController.modifyOrderStatus:117 - DEBUG: Order is sucessfully modified! (at modifyOrderStatus method)
2024-03-08 17:51:01.607 [main] ERROR com.example.orderAssignmentSystem.controller.WorkerController - OrderController.createNewOrder:33 - ERROR: Order cannot be null (at createNewOrder method)
2024-03-08 17:51:01.621 [main] INFO  com.example.orderAssignmentSystem.controller.WorkerController - OrderController.modifyOrderStatus:110 - INFO: No modification occore since order status is not changed (at modifyOrderStatus method)
2024-03-08 17:51:01.625 [main] ERROR com.example.orderAssignmentSystem.controller.WorkerController - OrderController.deleteOrder:70 - ERROR: Order cannot be null (at deleteOrder method)
2024-03-08 17:51:01.628 [main] ERROR com.example.orderAssignmentSystem.controller.WorkerController - OrderController.modifyOrderStatus:104 - ERROR: No order exist with id 1 (at modifyOrderStatus method)
2024-03-08 17:51:01.634 [main] ERROR com.example.orderAssignmentSystem.controller.WorkerController - OrderController.modifyOrderStatus:97 - ERROR: Status cannot be null (at modifyOrderStatus method)
2024-03-08 17:51:01.637 [main] ERROR com.example.orderAssignmentSystem.controller.WorkerController - OrderController.createNewOrder:58 - ERROR: Worker not found (at createNewOrder method)
2024-03-08 17:51:01.649 [main] ERROR com.example.orderAssignmentSystem.controller.WorkerController - OrderController.modifyOrderStatus:92 - ERROR: Order cannot be null (at modifyOrderStatus method)
2024-03-08 17:51:01.651 [main] ERROR com.example.orderAssignmentSystem.controller.WorkerController - OrderController.createNewOrder:62 - ERROR: WorkerId cannot be null (at createNewOrder method)
2024-03-08 17:51:01.655 [main] INFO  com.example.orderAssignmentSystem.controller.WorkerController - OrderController.createNewOrder:49 - INFO: Worker with 1 found  (at createNewOrder method)
2024-03-08 17:51:01.656 [main] INFO  com.example.orderAssignmentSystem.controller.WorkerController - OrderController.createNewOrder:52 - INFO: OrderStatus is set to Pending (at createNewOrder method)
2024-03-08 17:51:01.656 [main] INFO  com.example.orderAssignmentSystem.controller.WorkerController - OrderController.createNewOrder:55 - INFO: Order is sucessfully created! (at createNewOrder method)
2024-03-08 17:51:01.663 [main] INFO  com.example.orderAssignmentSystem.controller.WorkerController - OrderController.deleteOrder:76 - INFO: Order with 1 found  (at deleteOrder method)
2024-03-08 17:51:01.663 [main] DEBUG com.example.orderAssignmentSystem.controller.WorkerController - OrderController.deleteOrder:79 - DEBUG: Order is sucessfully deleted! (at deleteOrder method)
2024-03-08 17:51:01.667 [main] ERROR com.example.orderAssignmentSystem.controller.WorkerController - OrderController.deleteOrder:84 - ERROR: No order exist with id1 (at deleteOrder method)
2024-03-08 17:51:01.684 [main] INFO  com.example.orderAssignmentSystem.controller.WorkerController - OrderController.createNewOrder:39 - INFO: Order with 1 found  (at createNewOrder method)
2024-03-08 17:51:01.684 [main] ERROR com.example.orderAssignmentSystem.controller.WorkerController - OrderController.createNewOrder:40 - ERROR: Therefore new order with this id cannot be created!  (at createNewOrder method)
2024-03-08 17:52:26.371 [main] ERROR com.example.orderAssignmentSystem.controller.WorkerController - WorkerController.createNewWorker:28 - ERROR: Worker cannot be null (at createNewWorker method)
2024-03-08 17:52:26.411 [main] INFO  com.example.orderAssignmentSystem.controller.WorkerController - WorkerController.deleteWorker:55 - INFO: Worker with 1 found (at deleteWorker method)
2024-03-08 17:52:26.411 [main] DEBUG com.example.orderAssignmentSystem.controller.WorkerController - WorkerController.deleteWorker:59 - DEBUG: Worker deleted sucessfully since no orders found (at deleteWorker method)
2024-03-08 17:52:26.426 [main] INFO  com.example.orderAssignmentSystem.controller.WorkerController - WorkerController.deleteWorker:55 - INFO: Worker with 1 found (at deleteWorker method)
2024-03-08 17:52:26.430 [main] ERROR com.example.orderAssignmentSystem.controller.WorkerController - WorkerController.deleteWorker:68 - ERROR: This worker has 1 orders cannot delete worker with assigned orders  (at deleteWorker method)
2024-03-08 17:52:26.432 [main] ERROR com.example.orderAssignmentSystem.controller.WorkerController - WorkerController.deleteWorker:79 - ERROR: No worker Exists with id (at deleteWorker method)1
2024-03-08 17:52:26.436 [main] INFO  com.example.orderAssignmentSystem.controller.WorkerController - WorkerController.deleteWorker:55 - INFO: Worker with 1 found (at deleteWorker method)
2024-03-08 17:52:26.437 [main] DEBUG com.example.orderAssignmentSystem.controller.WorkerController - WorkerController.deleteWorker:64 - DEBUG: Worker deleted sucessfully since no orders found (at deleteWorker method)
2024-03-08 17:52:26.445 [main] ERROR com.example.orderAssignmentSystem.controller.WorkerController - WorkerController.deleteWorker:79 - ERROR: No worker Exists with id (at deleteWorker method)1
2024-03-08 17:52:26.447 [main] INFO  com.example.orderAssignmentSystem.controller.WorkerController - WorkerController.createNewWorker:34 - INFO: Worker with 1 found  (at createNewWorker method)
2024-03-08 17:52:26.448 [main] ERROR com.example.orderAssignmentSystem.controller.WorkerController - WorkerController.createNewWorker:35 - ERROR: Therefore new worker with this id cannot be created!  (at createNewWorker method)
2024-03-08 17:52:26.453 [main] INFO  com.example.orderAssignmentSystem.controller.WorkerController - WorkerController.createNewWorker:39 - INFO: Worker with 1 not found  (at createNewWorker method)
2024-03-08 17:52:26.453 [main] DEBUG com.example.orderAssignmentSystem.controller.WorkerController - WorkerController.createNewWorker:42 - DEBUG: Worker with 1 created!  (at createNewWorker method)
2024-03-08 17:52:26.455 [main] ERROR com.example.orderAssignmentSystem.controller.WorkerController - WorkerController.deleteWorker:50 - ERROR: Worker cannot be null (at deleteWorker method)
2024-03-08 17:52:26.570 [main] DEBUG com.example.orderAssignmentSystem.controller.WorkerController - OrderController.modifyOrderStatus:117 - DEBUG: Order is sucessfully modified! (at modifyOrderStatus method)
2024-03-08 17:52:26.574 [main] ERROR com.example.orderAssignmentSystem.controller.WorkerController - OrderController.createNewOrder:33 - ERROR: Order cannot be null (at createNewOrder method)
2024-03-08 17:52:26.578 [main] INFO  com.example.orderAssignmentSystem.controller.WorkerController - OrderController.modifyOrderStatus:110 - INFO: No modification occore since order status is not changed (at modifyOrderStatus method)
2024-03-08 17:52:26.582 [main] ERROR com.example.orderAssignmentSystem.controller.WorkerController - OrderController.deleteOrder:70 - ERROR: Order cannot be null (at deleteOrder method)
2024-03-08 17:52:26.585 [main] ERROR com.example.orderAssignmentSystem.controller.WorkerController - OrderController.modifyOrderStatus:104 - ERROR: No order exist with id 1 (at modifyOrderStatus method)
2024-03-08 17:52:26.591 [main] ERROR com.example.orderAssignmentSystem.controller.WorkerController - OrderController.modifyOrderStatus:97 - ERROR: Status cannot be null (at modifyOrderStatus method)
2024-03-08 17:52:26.595 [main] ERROR com.example.orderAssignmentSystem.controller.WorkerController - OrderController.createNewOrder:58 - ERROR: Worker not found (at createNewOrder method)
2024-03-08 17:52:26.605 [main] ERROR com.example.orderAssignmentSystem.controller.WorkerController - OrderController.modifyOrderStatus:92 - ERROR: Order cannot be null (at modifyOrderStatus method)
2024-03-08 17:52:26.609 [main] ERROR com.example.orderAssignmentSystem.controller.WorkerController - OrderController.createNewOrder:62 - ERROR: WorkerId cannot be null (at createNewOrder method)
2024-03-08 17:52:26.614 [main] INFO  com.example.orderAssignmentSystem.controller.WorkerController - OrderController.createNewOrder:49 - INFO: Worker with 1 found  (at createNewOrder method)
2024-03-08 17:52:26.614 [main] INFO  com.example.orderAssignmentSystem.controller.WorkerController - OrderController.createNewOrder:52 - INFO: OrderStatus is set to Pending (at createNewOrder method)
2024-03-08 17:52:26.615 [main] INFO  com.example.orderAssignmentSystem.controller.WorkerController - OrderController.createNewOrder:55 - INFO: Order is sucessfully created! (at createNewOrder method)
2024-03-08 17:52:26.620 [main] INFO  com.example.orderAssignmentSystem.controller.WorkerController - OrderController.deleteOrder:76 - INFO: Order with 1 found  (at deleteOrder method)
2024-03-08 17:52:26.621 [main] DEBUG com.example.orderAssignmentSystem.controller.WorkerController - OrderController.deleteOrder:79 - DEBUG: Order is sucessfully deleted! (at deleteOrder method)
2024-03-08 17:52:26.625 [main] ERROR com.example.orderAssignmentSystem.controller.WorkerController - OrderController.deleteOrder:84 - ERROR: No order exist with id1 (at deleteOrder method)
2024-03-08 17:52:26.629 [main] INFO  com.example.orderAssignmentSystem.controller.WorkerController - OrderController.createNewOrder:39 - INFO: Order with 1 found  (at createNewOrder method)
2024-03-08 17:52:26.629 [main] ERROR com.example.orderAssignmentSystem.controller.WorkerController - OrderController.createNewOrder:40 - ERROR: Therefore new order with this id cannot be created!  (at createNewOrder method)
2024-03-08 17:52:46.212 [main] ERROR com.example.orderAssignmentSystem.controller.WorkerController - WorkerController.createNewWorker:28 - ERROR: Worker cannot be null (at createNewWorker method)
2024-03-08 17:52:46.250 [main] INFO  com.example.orderAssignmentSystem.controller.WorkerController - WorkerController.deleteWorker:55 - INFO: Worker with 1 found (at deleteWorker method)
2024-03-08 17:52:46.251 [main] DEBUG com.example.orderAssignmentSystem.controller.WorkerController - WorkerController.deleteWorker:59 - DEBUG: Worker deleted sucessfully since no orders found (at deleteWorker method)
2024-03-08 17:52:46.259 [main] INFO  com.example.orderAssignmentSystem.controller.WorkerController - WorkerController.deleteWorker:55 - INFO: Worker with 1 found (at deleteWorker method)
2024-03-08 17:52:46.263 [main] ERROR com.example.orderAssignmentSystem.controller.WorkerController - WorkerController.deleteWorker:68 - ERROR: This worker has 1 orders cannot delete worker with assigned orders  (at deleteWorker method)
2024-03-08 17:52:46.263 [main] ERROR com.example.orderAssignmentSystem.controller.WorkerController - WorkerController.deleteWorker:79 - ERROR: No worker Exists with id (at deleteWorker method)1
2024-03-08 17:52:46.267 [main] INFO  com.example.orderAssignmentSystem.controller.WorkerController - WorkerController.deleteWorker:55 - INFO: Worker with 1 found (at deleteWorker method)
2024-03-08 17:52:46.268 [main] DEBUG com.example.orderAssignmentSystem.controller.WorkerController - WorkerController.deleteWorker:64 - DEBUG: Worker deleted sucessfully since no orders found (at deleteWorker method)
2024-03-08 17:52:46.277 [main] ERROR com.example.orderAssignmentSystem.controller.WorkerController - WorkerController.deleteWorker:79 - ERROR: No worker Exists with id (at deleteWorker method)1
2024-03-08 17:52:46.279 [main] INFO  com.example.orderAssignmentSystem.controller.WorkerController - WorkerController.createNewWorker:34 - INFO: Worker with 1 found  (at createNewWorker method)
2024-03-08 17:52:46.281 [main] ERROR com.example.orderAssignmentSystem.controller.WorkerController - WorkerController.createNewWorker:35 - ERROR: Therefore new worker with this id cannot be created!  (at createNewWorker method)
2024-03-08 17:52:46.287 [main] INFO  com.example.orderAssignmentSystem.controller.WorkerController - WorkerController.createNewWorker:39 - INFO: Worker with 1 not found  (at createNewWorker method)
2024-03-08 17:52:46.287 [main] DEBUG com.example.orderAssignmentSystem.controller.WorkerController - WorkerController.createNewWorker:42 - DEBUG: Worker with 1 created!  (at createNewWorker method)
2024-03-08 17:52:46.290 [main] ERROR com.example.orderAssignmentSystem.controller.WorkerController - WorkerController.deleteWorker:50 - ERROR: Worker cannot be null (at deleteWorker method)
2024-03-08 17:52:46.426 [main] DEBUG com.example.orderAssignmentSystem.controller.WorkerController - OrderController.modifyOrderStatus:117 - DEBUG: Order is sucessfully modified! (at modifyOrderStatus method)
2024-03-08 17:52:46.430 [main] ERROR com.example.orderAssignmentSystem.controller.WorkerController - OrderController.createNewOrder:33 - ERROR: Order cannot be null (at createNewOrder method)
2024-03-08 17:52:46.433 [main] INFO  com.example.orderAssignmentSystem.controller.WorkerController - OrderController.modifyOrderStatus:110 - INFO: No modification occore since order status is not changed (at modifyOrderStatus method)
2024-03-08 17:52:46.436 [main] ERROR com.example.orderAssignmentSystem.controller.WorkerController - OrderController.deleteOrder:70 - ERROR: Order cannot be null (at deleteOrder method)
2024-03-08 17:52:46.439 [main] ERROR com.example.orderAssignmentSystem.controller.WorkerController - OrderController.modifyOrderStatus:104 - ERROR: No order exist with id 1 (at modifyOrderStatus method)
2024-03-08 17:52:46.445 [main] ERROR com.example.orderAssignmentSystem.controller.WorkerController - OrderController.modifyOrderStatus:97 - ERROR: Status cannot be null (at modifyOrderStatus method)
2024-03-08 17:52:46.448 [main] ERROR com.example.orderAssignmentSystem.controller.WorkerController - OrderController.createNewOrder:58 - ERROR: Worker not found (at createNewOrder method)
2024-03-08 17:52:46.456 [main] ERROR com.example.orderAssignmentSystem.controller.WorkerController - OrderController.modifyOrderStatus:92 - ERROR: Order cannot be null (at modifyOrderStatus method)
2024-03-08 17:52:46.459 [main] ERROR com.example.orderAssignmentSystem.controller.WorkerController - OrderController.createNewOrder:62 - ERROR: WorkerId cannot be null (at createNewOrder method)
2024-03-08 17:52:46.464 [main] INFO  com.example.orderAssignmentSystem.controller.WorkerController - OrderController.createNewOrder:49 - INFO: Worker with 1 found  (at createNewOrder method)
2024-03-08 17:52:46.465 [main] INFO  com.example.orderAssignmentSystem.controller.WorkerController - OrderController.createNewOrder:52 - INFO: OrderStatus is set to Pending (at createNewOrder method)
2024-03-08 17:52:46.466 [main] INFO  com.example.orderAssignmentSystem.controller.WorkerController - OrderController.createNewOrder:55 - INFO: Order is sucessfully created! (at createNewOrder method)
2024-03-08 17:52:46.472 [main] INFO  com.example.orderAssignmentSystem.controller.WorkerController - OrderController.deleteOrder:76 - INFO: Order with 1 found  (at deleteOrder method)
2024-03-08 17:52:46.473 [main] DEBUG com.example.orderAssignmentSystem.controller.WorkerController - OrderController.deleteOrder:79 - DEBUG: Order is sucessfully deleted! (at deleteOrder method)
2024-03-08 17:52:46.477 [main] ERROR com.example.orderAssignmentSystem.controller.WorkerController - OrderController.deleteOrder:84 - ERROR: No order exist with id1 (at deleteOrder method)
2024-03-08 17:52:46.485 [main] INFO  com.example.orderAssignmentSystem.controller.WorkerController - OrderController.createNewOrder:39 - INFO: Order with 1 found  (at createNewOrder method)
2024-03-08 17:52:46.485 [main] ERROR com.example.orderAssignmentSystem.controller.WorkerController - OrderController.createNewOrder:40 - ERROR: Therefore new order with this id cannot be created!  (at createNewOrder method)
2024-03-08 17:53:36.781 [main] ERROR com.example.orderAssignmentSystem.controller.WorkerController - WorkerController.createNewWorker:28 - ERROR: Worker cannot be null (at createNewWorker method)
2024-03-08 17:53:36.835 [main] INFO  com.example.orderAssignmentSystem.controller.WorkerController - WorkerController.deleteWorker:55 - INFO: Worker with 1 found (at deleteWorker method)
2024-03-08 17:53:36.836 [main] DEBUG com.example.orderAssignmentSystem.controller.WorkerController - WorkerController.deleteWorker:59 - DEBUG: Worker deleted sucessfully since no orders found (at deleteWorker method)
2024-03-08 17:53:36.850 [main] INFO  com.example.orderAssignmentSystem.controller.WorkerController - WorkerController.deleteWorker:55 - INFO: Worker with 1 found (at deleteWorker method)
2024-03-08 17:53:36.855 [main] ERROR com.example.orderAssignmentSystem.controller.WorkerController - WorkerController.deleteWorker:68 - ERROR: This worker has 1 orders cannot delete worker with assigned orders  (at deleteWorker method)
2024-03-08 17:53:36.856 [main] ERROR com.example.orderAssignmentSystem.controller.WorkerController - WorkerController.deleteWorker:79 - ERROR: No worker Exists with id (at deleteWorker method)1
2024-03-08 17:53:36.858 [main] INFO  com.example.orderAssignmentSystem.controller.WorkerController - WorkerController.deleteWorker:55 - INFO: Worker with 1 found (at deleteWorker method)
2024-03-08 17:53:36.859 [main] DEBUG com.example.orderAssignmentSystem.controller.WorkerController - WorkerController.deleteWorker:64 - DEBUG: Worker deleted sucessfully since no orders found (at deleteWorker method)
2024-03-08 17:53:36.868 [main] ERROR com.example.orderAssignmentSystem.controller.WorkerController - WorkerController.deleteWorker:79 - ERROR: No worker Exists with id (at deleteWorker method)1
2024-03-08 17:53:36.871 [main] INFO  com.example.orderAssignmentSystem.controller.WorkerController - WorkerController.createNewWorker:34 - INFO: Worker with 1 found  (at createNewWorker method)
2024-03-08 17:53:36.871 [main] ERROR com.example.orderAssignmentSystem.controller.WorkerController - WorkerController.createNewWorker:35 - ERROR: Therefore new worker with this id cannot be created!  (at createNewWorker method)
2024-03-08 17:53:36.876 [main] INFO  com.example.orderAssignmentSystem.controller.WorkerController - WorkerController.createNewWorker:39 - INFO: Worker with 1 not found  (at createNewWorker method)
2024-03-08 17:53:36.876 [main] DEBUG com.example.orderAssignmentSystem.controller.WorkerController - WorkerController.createNewWorker:42 - DEBUG: Worker with 1 created!  (at createNewWorker method)
2024-03-08 17:53:36.883 [main] ERROR com.example.orderAssignmentSystem.controller.WorkerController - WorkerController.deleteWorker:50 - ERROR: Worker cannot be null (at deleteWorker method)
2024-03-08 17:53:37.030 [main] DEBUG com.example.orderAssignmentSystem.controller.WorkerController - OrderController.modifyOrderStatus:117 - DEBUG: Order is sucessfully modified! (at modifyOrderStatus method)
2024-03-08 17:53:37.033 [main] ERROR com.example.orderAssignmentSystem.controller.WorkerController - OrderController.createNewOrder:33 - ERROR: Order cannot be null (at createNewOrder method)
2024-03-08 17:53:37.036 [main] INFO  com.example.orderAssignmentSystem.controller.WorkerController - OrderController.modifyOrderStatus:110 - INFO: No modification occore since order status is not changed (at modifyOrderStatus method)
2024-03-08 17:53:37.040 [main] ERROR com.example.orderAssignmentSystem.controller.WorkerController - OrderController.deleteOrder:70 - ERROR: Order cannot be null (at deleteOrder method)
2024-03-08 17:53:37.042 [main] ERROR com.example.orderAssignmentSystem.controller.WorkerController - OrderController.modifyOrderStatus:104 - ERROR: No order exist with id 1 (at modifyOrderStatus method)
2024-03-08 17:53:37.048 [main] ERROR com.example.orderAssignmentSystem.controller.WorkerController - OrderController.modifyOrderStatus:97 - ERROR: Status cannot be null (at modifyOrderStatus method)
2024-03-08 17:53:37.052 [main] ERROR com.example.orderAssignmentSystem.controller.WorkerController - OrderController.createNewOrder:58 - ERROR: Worker not found (at createNewOrder method)
2024-03-08 17:53:37.059 [main] ERROR com.example.orderAssignmentSystem.controller.WorkerController - OrderController.modifyOrderStatus:92 - ERROR: Order cannot be null (at modifyOrderStatus method)
2024-03-08 17:53:37.061 [main] ERROR com.example.orderAssignmentSystem.controller.WorkerController - OrderController.createNewOrder:62 - ERROR: WorkerId cannot be null (at createNewOrder method)
2024-03-08 17:53:37.064 [main] INFO  com.example.orderAssignmentSystem.controller.WorkerController - OrderController.createNewOrder:49 - INFO: Worker with 1 found  (at createNewOrder method)
2024-03-08 17:53:37.064 [main] INFO  com.example.orderAssignmentSystem.controller.WorkerController - OrderController.createNewOrder:52 - INFO: OrderStatus is set to Pending (at createNewOrder method)
2024-03-08 17:53:37.065 [main] INFO  com.example.orderAssignmentSystem.controller.WorkerController - OrderController.createNewOrder:55 - INFO: Order is sucessfully created! (at createNewOrder method)
2024-03-08 17:53:37.074 [main] INFO  com.example.orderAssignmentSystem.controller.WorkerController - OrderController.deleteOrder:76 - INFO: Order with 1 found  (at deleteOrder method)
2024-03-08 17:53:37.075 [main] DEBUG com.example.orderAssignmentSystem.controller.WorkerController - OrderController.deleteOrder:79 - DEBUG: Order is sucessfully deleted! (at deleteOrder method)
2024-03-08 17:53:37.078 [main] ERROR com.example.orderAssignmentSystem.controller.WorkerController - OrderController.deleteOrder:84 - ERROR: No order exist with id1 (at deleteOrder method)
2024-03-08 17:53:37.085 [main] INFO  com.example.orderAssignmentSystem.controller.WorkerController - OrderController.createNewOrder:39 - INFO: Order with 1 found  (at createNewOrder method)
2024-03-08 17:53:37.086 [main] ERROR com.example.orderAssignmentSystem.controller.WorkerController - OrderController.createNewOrder:40 - ERROR: Therefore new order with this id cannot be created!  (at createNewOrder method)
2024-03-08 17:54:59.559 [main] ERROR com.example.orderAssignmentSystem.controller.WorkerController - WorkerController.createNewWorker:28 - ERROR: Worker cannot be null (at createNewWorker method)
2024-03-08 17:54:59.599 [main] INFO  com.example.orderAssignmentSystem.controller.WorkerController - WorkerController.deleteWorker:55 - INFO: Worker with 1 found (at deleteWorker method)
2024-03-08 17:54:59.614 [main] INFO  com.example.orderAssignmentSystem.controller.WorkerController - WorkerController.deleteWorker:55 - INFO: Worker with 1 found (at deleteWorker method)
2024-03-08 17:54:59.623 [main] ERROR com.example.orderAssignmentSystem.controller.WorkerController - WorkerController.deleteWorker:68 - ERROR: This worker has 1 orders cannot delete worker with assigned orders  (at deleteWorker method)
2024-03-08 17:54:59.624 [main] ERROR com.example.orderAssignmentSystem.controller.WorkerController - WorkerController.deleteWorker:79 - ERROR: No worker Exists with id (at deleteWorker method)1
2024-03-08 17:54:59.630 [main] INFO  com.example.orderAssignmentSystem.controller.WorkerController - WorkerController.deleteWorker:55 - INFO: Worker with 1 found (at deleteWorker method)
2024-03-08 17:54:59.642 [main] ERROR com.example.orderAssignmentSystem.controller.WorkerController - WorkerController.deleteWorker:79 - ERROR: No worker Exists with id (at deleteWorker method)1
2024-03-08 17:54:59.644 [main] INFO  com.example.orderAssignmentSystem.controller.WorkerController - WorkerController.createNewWorker:34 - INFO: Worker with 1 found  (at createNewWorker method)
2024-03-08 17:54:59.645 [main] ERROR com.example.orderAssignmentSystem.controller.WorkerController - WorkerController.createNewWorker:35 - ERROR: Therefore new worker with this id cannot be created!  (at createNewWorker method)
2024-03-08 17:54:59.649 [main] INFO  com.example.orderAssignmentSystem.controller.WorkerController - WorkerController.createNewWorker:39 - INFO: Worker with 1 not found  (at createNewWorker method)
2024-03-08 17:54:59.654 [main] ERROR com.example.orderAssignmentSystem.controller.WorkerController - WorkerController.deleteWorker:50 - ERROR: Worker cannot be null (at deleteWorker method)
2024-03-08 17:54:59.789 [main] ERROR com.example.orderAssignmentSystem.controller.WorkerController - OrderController.createNewOrder:33 - ERROR: Order cannot be null (at createNewOrder method)
2024-03-08 17:54:59.792 [main] INFO  com.example.orderAssignmentSystem.controller.WorkerController - OrderController.modifyOrderStatus:110 - INFO: No modification occore since order status is not changed (at modifyOrderStatus method)
2024-03-08 17:54:59.798 [main] ERROR com.example.orderAssignmentSystem.controller.WorkerController - OrderController.deleteOrder:70 - ERROR: Order cannot be null (at deleteOrder method)
2024-03-08 17:54:59.801 [main] ERROR com.example.orderAssignmentSystem.controller.WorkerController - OrderController.modifyOrderStatus:104 - ERROR: No order exist with id 1 (at modifyOrderStatus method)
2024-03-08 17:54:59.806 [main] ERROR com.example.orderAssignmentSystem.controller.WorkerController - OrderController.modifyOrderStatus:97 - ERROR: Status cannot be null (at modifyOrderStatus method)
2024-03-08 17:54:59.809 [main] ERROR com.example.orderAssignmentSystem.controller.WorkerController - OrderController.createNewOrder:58 - ERROR: Worker not found (at createNewOrder method)
2024-03-08 17:54:59.815 [main] ERROR com.example.orderAssignmentSystem.controller.WorkerController - OrderController.modifyOrderStatus:92 - ERROR: Order cannot be null (at modifyOrderStatus method)
2024-03-08 17:54:59.817 [main] ERROR com.example.orderAssignmentSystem.controller.WorkerController - OrderController.createNewOrder:62 - ERROR: WorkerId cannot be null (at createNewOrder method)
2024-03-08 17:54:59.820 [main] INFO  com.example.orderAssignmentSystem.controller.WorkerController - OrderController.createNewOrder:49 - INFO: Worker with 1 found  (at createNewOrder method)
2024-03-08 17:54:59.821 [main] INFO  com.example.orderAssignmentSystem.controller.WorkerController - OrderController.createNewOrder:52 - INFO: OrderStatus is set to Pending (at createNewOrder method)
2024-03-08 17:54:59.821 [main] INFO  com.example.orderAssignmentSystem.controller.WorkerController - OrderController.createNewOrder:55 - INFO: Order is sucessfully created! (at createNewOrder method)
2024-03-08 17:54:59.830 [main] INFO  com.example.orderAssignmentSystem.controller.WorkerController - OrderController.deleteOrder:76 - INFO: Order with 1 found  (at deleteOrder method)
2024-03-08 17:54:59.837 [main] ERROR com.example.orderAssignmentSystem.controller.WorkerController - OrderController.deleteOrder:84 - ERROR: No order exist with id1 (at deleteOrder method)
2024-03-08 17:54:59.841 [main] INFO  com.example.orderAssignmentSystem.controller.WorkerController - OrderController.createNewOrder:39 - INFO: Order with 1 found  (at createNewOrder method)
2024-03-08 17:54:59.842 [main] ERROR com.example.orderAssignmentSystem.controller.WorkerController - OrderController.createNewOrder:40 - ERROR: Therefore new order with this id cannot be created!  (at createNewOrder method)
2024-03-08 17:55:17.775 [main] ERROR com.example.orderAssignmentSystem.controller.WorkerController - WorkerController.createNewWorker:28 - ERROR: Worker cannot be null (at createNewWorker method)
2024-03-08 17:55:17.807 [main] INFO  com.example.orderAssignmentSystem.controller.WorkerController - WorkerController.deleteWorker:55 - INFO: Worker with 1 found (at deleteWorker method)
2024-03-08 17:55:17.816 [main] INFO  com.example.orderAssignmentSystem.controller.WorkerController - WorkerController.deleteWorker:55 - INFO: Worker with 1 found (at deleteWorker method)
2024-03-08 17:55:17.818 [main] ERROR com.example.orderAssignmentSystem.controller.WorkerController - WorkerController.deleteWorker:68 - ERROR: This worker has 1 orders cannot delete worker with assigned orders  (at deleteWorker method)
2024-03-08 17:55:17.819 [main] ERROR com.example.orderAssignmentSystem.controller.WorkerController - WorkerController.deleteWorker:79 - ERROR: No worker Exists with id (at deleteWorker method)1
2024-03-08 17:55:17.821 [main] INFO  com.example.orderAssignmentSystem.controller.WorkerController - WorkerController.deleteWorker:55 - INFO: Worker with 1 found (at deleteWorker method)
2024-03-08 17:55:17.829 [main] ERROR com.example.orderAssignmentSystem.controller.WorkerController - WorkerController.deleteWorker:79 - ERROR: No worker Exists with id (at deleteWorker method)1
2024-03-08 17:55:17.831 [main] INFO  com.example.orderAssignmentSystem.controller.WorkerController - WorkerController.createNewWorker:34 - INFO: Worker with 1 found  (at createNewWorker method)
2024-03-08 17:55:17.832 [main] ERROR com.example.orderAssignmentSystem.controller.WorkerController - WorkerController.createNewWorker:35 - ERROR: Therefore new worker with this id cannot be created!  (at createNewWorker method)
2024-03-08 17:55:17.838 [main] INFO  com.example.orderAssignmentSystem.controller.WorkerController - WorkerController.createNewWorker:39 - INFO: Worker with 1 not found  (at createNewWorker method)
2024-03-08 17:55:17.843 [main] ERROR com.example.orderAssignmentSystem.controller.WorkerController - WorkerController.deleteWorker:50 - ERROR: Worker cannot be null (at deleteWorker method)
2024-03-08 17:55:17.974 [main] ERROR com.example.orderAssignmentSystem.controller.WorkerController - OrderController.createNewOrder:33 - ERROR: Order cannot be null (at createNewOrder method)
2024-03-08 17:55:17.978 [main] INFO  com.example.orderAssignmentSystem.controller.WorkerController - OrderController.modifyOrderStatus:110 - INFO: No modification occore since order status is not changed (at modifyOrderStatus method)
2024-03-08 17:55:17.981 [main] ERROR com.example.orderAssignmentSystem.controller.WorkerController - OrderController.deleteOrder:70 - ERROR: Order cannot be null (at deleteOrder method)
2024-03-08 17:55:17.984 [main] ERROR com.example.orderAssignmentSystem.controller.WorkerController - OrderController.modifyOrderStatus:104 - ERROR: No order exist with id 1 (at modifyOrderStatus method)
2024-03-08 17:55:17.991 [main] ERROR com.example.orderAssignmentSystem.controller.WorkerController - OrderController.modifyOrderStatus:97 - ERROR: Status cannot be null (at modifyOrderStatus method)
2024-03-08 17:55:17.993 [main] ERROR com.example.orderAssignmentSystem.controller.WorkerController - OrderController.createNewOrder:58 - ERROR: Worker not found (at createNewOrder method)
2024-03-08 17:55:17.999 [main] ERROR com.example.orderAssignmentSystem.controller.WorkerController - OrderController.modifyOrderStatus:92 - ERROR: Order cannot be null (at modifyOrderStatus method)
2024-03-08 17:55:18.001 [main] ERROR com.example.orderAssignmentSystem.controller.WorkerController - OrderController.createNewOrder:62 - ERROR: WorkerId cannot be null (at createNewOrder method)
2024-03-08 17:55:18.006 [main] INFO  com.example.orderAssignmentSystem.controller.WorkerController - OrderController.createNewOrder:49 - INFO: Worker with 1 found  (at createNewOrder method)
2024-03-08 17:55:18.007 [main] INFO  com.example.orderAssignmentSystem.controller.WorkerController - OrderController.createNewOrder:52 - INFO: OrderStatus is set to Pending (at createNewOrder method)
2024-03-08 17:55:18.007 [main] INFO  com.example.orderAssignmentSystem.controller.WorkerController - OrderController.createNewOrder:55 - INFO: Order is sucessfully created! (at createNewOrder method)
2024-03-08 17:55:18.016 [main] INFO  com.example.orderAssignmentSystem.controller.WorkerController - OrderController.deleteOrder:76 - INFO: Order with 1 found  (at deleteOrder method)
2024-03-08 17:55:18.019 [main] ERROR com.example.orderAssignmentSystem.controller.WorkerController - OrderController.deleteOrder:84 - ERROR: No order exist with id1 (at deleteOrder method)
2024-03-08 17:55:18.024 [main] INFO  com.example.orderAssignmentSystem.controller.WorkerController - OrderController.createNewOrder:39 - INFO: Order with 1 found  (at createNewOrder method)
2024-03-08 17:55:18.025 [main] ERROR com.example.orderAssignmentSystem.controller.WorkerController - OrderController.createNewOrder:40 - ERROR: Therefore new order with this id cannot be created!  (at createNewOrder method)
2024-03-08 18:03:06.028 [main] ERROR com.example.orderAssignmentSystem.controller.WorkerController - WorkerController.createNewWorker:28 - ERROR: Worker cannot be null (at createNewWorker method)
2024-03-08 18:03:06.065 [main] INFO  com.example.orderAssignmentSystem.controller.WorkerController - WorkerController.deleteWorker:55 - INFO: Worker with 1 found (at deleteWorker method)
2024-03-08 18:03:06.073 [main] INFO  com.example.orderAssignmentSystem.controller.WorkerController - WorkerController.deleteWorker:55 - INFO: Worker with 1 found (at deleteWorker method)
2024-03-08 18:03:06.077 [main] ERROR com.example.orderAssignmentSystem.controller.WorkerController - WorkerController.deleteWorker:68 - ERROR: This worker has 1 orders cannot delete worker with assigned orders  (at deleteWorker method)
2024-03-08 18:03:06.078 [main] ERROR com.example.orderAssignmentSystem.controller.WorkerController - WorkerController.deleteWorker:79 - ERROR: No worker Exists with id (at deleteWorker method)1
2024-03-08 18:03:06.082 [main] INFO  com.example.orderAssignmentSystem.controller.WorkerController - WorkerController.deleteWorker:55 - INFO: Worker with 1 found (at deleteWorker method)
2024-03-08 18:03:06.090 [main] ERROR com.example.orderAssignmentSystem.controller.WorkerController - WorkerController.deleteWorker:79 - ERROR: No worker Exists with id (at deleteWorker method)1
2024-03-08 18:03:06.093 [main] INFO  com.example.orderAssignmentSystem.controller.WorkerController - WorkerController.createNewWorker:34 - INFO: Worker with 1 found  (at createNewWorker method)
2024-03-08 18:03:06.094 [main] ERROR com.example.orderAssignmentSystem.controller.WorkerController - WorkerController.createNewWorker:35 - ERROR: Therefore new worker with this id cannot be created!  (at createNewWorker method)
2024-03-08 18:03:06.098 [main] INFO  com.example.orderAssignmentSystem.controller.WorkerController - WorkerController.createNewWorker:39 - INFO: Worker with 1 not found  (at createNewWorker method)
2024-03-08 18:03:06.101 [main] ERROR com.example.orderAssignmentSystem.controller.WorkerController - WorkerController.deleteWorker:50 - ERROR: Worker cannot be null (at deleteWorker method)
2024-03-08 18:03:06.248 [main] ERROR com.example.orderAssignmentSystem.controller.WorkerController - OrderController.createNewOrder:33 - ERROR: Order cannot be null (at createNewOrder method)
2024-03-08 18:03:06.251 [main] INFO  com.example.orderAssignmentSystem.controller.WorkerController - OrderController.modifyOrderStatus:110 - INFO: No modification occore since order status is not changed (at modifyOrderStatus method)
2024-03-08 18:03:06.254 [main] ERROR com.example.orderAssignmentSystem.controller.WorkerController - OrderController.deleteOrder:70 - ERROR: Order cannot be null (at deleteOrder method)
2024-03-08 18:03:06.256 [main] ERROR com.example.orderAssignmentSystem.controller.WorkerController - OrderController.modifyOrderStatus:104 - ERROR: No order exist with id 1 (at modifyOrderStatus method)
2024-03-08 18:03:06.262 [main] ERROR com.example.orderAssignmentSystem.controller.WorkerController - OrderController.modifyOrderStatus:97 - ERROR: Status cannot be null (at modifyOrderStatus method)
2024-03-08 18:03:06.265 [main] ERROR com.example.orderAssignmentSystem.controller.WorkerController - OrderController.createNewOrder:58 - ERROR: Worker not found (at createNewOrder method)
2024-03-08 18:03:06.272 [main] ERROR com.example.orderAssignmentSystem.controller.WorkerController - OrderController.modifyOrderStatus:92 - ERROR: Order cannot be null (at modifyOrderStatus method)
2024-03-08 18:03:06.275 [main] ERROR com.example.orderAssignmentSystem.controller.WorkerController - OrderController.createNewOrder:62 - ERROR: WorkerId cannot be null (at createNewOrder method)
2024-03-08 18:03:06.278 [main] INFO  com.example.orderAssignmentSystem.controller.WorkerController - OrderController.createNewOrder:49 - INFO: Worker with 1 found  (at createNewOrder method)
2024-03-08 18:03:06.279 [main] INFO  com.example.orderAssignmentSystem.controller.WorkerController - OrderController.createNewOrder:52 - INFO: OrderStatus is set to Pending (at createNewOrder method)
2024-03-08 18:03:06.279 [main] INFO  com.example.orderAssignmentSystem.controller.WorkerController - OrderController.createNewOrder:55 - INFO: Order is sucessfully created! (at createNewOrder method)
2024-03-08 18:03:06.287 [main] INFO  com.example.orderAssignmentSystem.controller.WorkerController - OrderController.deleteOrder:76 - INFO: Order with 1 found  (at deleteOrder method)
2024-03-08 18:03:06.290 [main] ERROR com.example.orderAssignmentSystem.controller.WorkerController - OrderController.deleteOrder:84 - ERROR: No order exist with id1 (at deleteOrder method)
2024-03-08 18:03:06.293 [main] INFO  com.example.orderAssignmentSystem.controller.WorkerController - OrderController.createNewOrder:39 - INFO: Order with 1 found  (at createNewOrder method)
2024-03-08 18:03:06.293 [main] ERROR com.example.orderAssignmentSystem.controller.WorkerController - OrderController.createNewOrder:40 - ERROR: Therefore new order with this id cannot be created!  (at createNewOrder method)
2024-03-08 18:03:59.030 [main] ERROR com.example.orderAssignmentSystem.controller.WorkerController - WorkerController.createNewWorker:28 - ERROR: Worker cannot be null (at createNewWorker method)
2024-03-08 18:03:59.067 [main] INFO  com.example.orderAssignmentSystem.controller.WorkerController - WorkerController.deleteWorker:55 - INFO: Worker with 1 found (at deleteWorker method)
2024-03-08 18:03:59.068 [main] DEBUG com.example.orderAssignmentSystem.controller.WorkerController - WorkerController.deleteWorker:59 - DEBUG: Worker deleted sucessfully since no orders found (at deleteWorker method)
2024-03-08 18:03:59.077 [main] INFO  com.example.orderAssignmentSystem.controller.WorkerController - WorkerController.deleteWorker:55 - INFO: Worker with 1 found (at deleteWorker method)
2024-03-08 18:03:59.079 [main] ERROR com.example.orderAssignmentSystem.controller.WorkerController - WorkerController.deleteWorker:68 - ERROR: This worker has 1 orders cannot delete worker with assigned orders  (at deleteWorker method)
2024-03-08 18:03:59.080 [main] ERROR com.example.orderAssignmentSystem.controller.WorkerController - WorkerController.deleteWorker:79 - ERROR: No worker Exists with id (at deleteWorker method)1
2024-03-08 18:03:59.083 [main] INFO  com.example.orderAssignmentSystem.controller.WorkerController - WorkerController.deleteWorker:55 - INFO: Worker with 1 found (at deleteWorker method)
2024-03-08 18:03:59.083 [main] DEBUG com.example.orderAssignmentSystem.controller.WorkerController - WorkerController.deleteWorker:64 - DEBUG: Worker deleted sucessfully since no orders found (at deleteWorker method)
2024-03-08 18:03:59.093 [main] ERROR com.example.orderAssignmentSystem.controller.WorkerController - WorkerController.deleteWorker:79 - ERROR: No worker Exists with id (at deleteWorker method)1
2024-03-08 18:03:59.096 [main] INFO  com.example.orderAssignmentSystem.controller.WorkerController - WorkerController.createNewWorker:34 - INFO: Worker with 1 found  (at createNewWorker method)
2024-03-08 18:03:59.097 [main] ERROR com.example.orderAssignmentSystem.controller.WorkerController - WorkerController.createNewWorker:35 - ERROR: Therefore new worker with this id cannot be created!  (at createNewWorker method)
2024-03-08 18:03:59.102 [main] INFO  com.example.orderAssignmentSystem.controller.WorkerController - WorkerController.createNewWorker:39 - INFO: Worker with 1 not found  (at createNewWorker method)
2024-03-08 18:03:59.102 [main] DEBUG com.example.orderAssignmentSystem.controller.WorkerController - WorkerController.createNewWorker:42 - DEBUG: Worker with 1 created!  (at createNewWorker method)
2024-03-08 18:03:59.104 [main] ERROR com.example.orderAssignmentSystem.controller.WorkerController - WorkerController.deleteWorker:50 - ERROR: Worker cannot be null (at deleteWorker method)
2024-03-08 18:03:59.229 [main] DEBUG com.example.orderAssignmentSystem.controller.WorkerController - OrderController.modifyOrderStatus:117 - DEBUG: Order is sucessfully modified! (at modifyOrderStatus method)
2024-03-08 18:03:59.232 [main] ERROR com.example.orderAssignmentSystem.controller.WorkerController - OrderController.createNewOrder:33 - ERROR: Order cannot be null (at createNewOrder method)
2024-03-08 18:03:59.235 [main] INFO  com.example.orderAssignmentSystem.controller.WorkerController - OrderController.modifyOrderStatus:110 - INFO: No modification occore since order status is not changed (at modifyOrderStatus method)
2024-03-08 18:03:59.238 [main] ERROR com.example.orderAssignmentSystem.controller.WorkerController - OrderController.deleteOrder:70 - ERROR: Order cannot be null (at deleteOrder method)
2024-03-08 18:03:59.240 [main] ERROR com.example.orderAssignmentSystem.controller.WorkerController - OrderController.modifyOrderStatus:104 - ERROR: No order exist with id 1 (at modifyOrderStatus method)
2024-03-08 18:03:59.246 [main] ERROR com.example.orderAssignmentSystem.controller.WorkerController - OrderController.modifyOrderStatus:97 - ERROR: Status cannot be null (at modifyOrderStatus method)
2024-03-08 18:03:59.248 [main] ERROR com.example.orderAssignmentSystem.controller.WorkerController - OrderController.createNewOrder:58 - ERROR: Worker not found (at createNewOrder method)
2024-03-08 18:03:59.254 [main] ERROR com.example.orderAssignmentSystem.controller.WorkerController - OrderController.modifyOrderStatus:92 - ERROR: Order cannot be null (at modifyOrderStatus method)
2024-03-08 18:03:59.262 [main] ERROR com.example.orderAssignmentSystem.controller.WorkerController - OrderController.createNewOrder:62 - ERROR: WorkerId cannot be null (at createNewOrder method)
2024-03-08 18:03:59.265 [main] INFO  com.example.orderAssignmentSystem.controller.WorkerController - OrderController.createNewOrder:49 - INFO: Worker with 1 found  (at createNewOrder method)
2024-03-08 18:03:59.266 [main] INFO  com.example.orderAssignmentSystem.controller.WorkerController - OrderController.createNewOrder:52 - INFO: OrderStatus is set to Pending (at createNewOrder method)
2024-03-08 18:03:59.266 [main] INFO  com.example.orderAssignmentSystem.controller.WorkerController - OrderController.createNewOrder:55 - INFO: Order is sucessfully created! (at createNewOrder method)
2024-03-08 18:03:59.271 [main] INFO  com.example.orderAssignmentSystem.controller.WorkerController - OrderController.deleteOrder:76 - INFO: Order with 1 found  (at deleteOrder method)
2024-03-08 18:03:59.271 [main] DEBUG com.example.orderAssignmentSystem.controller.WorkerController - OrderController.deleteOrder:79 - DEBUG: Order is sucessfully deleted! (at deleteOrder method)
2024-03-08 18:03:59.274 [main] ERROR com.example.orderAssignmentSystem.controller.WorkerController - OrderController.deleteOrder:84 - ERROR: No order exist with id1 (at deleteOrder method)
2024-03-08 18:03:59.281 [main] INFO  com.example.orderAssignmentSystem.controller.WorkerController - OrderController.createNewOrder:39 - INFO: Order with 1 found  (at createNewOrder method)
2024-03-08 18:03:59.281 [main] ERROR com.example.orderAssignmentSystem.controller.WorkerController - OrderController.createNewOrder:40 - ERROR: Therefore new order with this id cannot be created!  (at createNewOrder method)
2024-03-08 18:04:14.368 [main] ERROR com.example.orderAssignmentSystem.controller.WorkerController - WorkerController.createNewWorker:28 - ERROR: Worker cannot be null (at createNewWorker method)
2024-03-08 18:04:14.400 [main] INFO  com.example.orderAssignmentSystem.controller.WorkerController - WorkerController.deleteWorker:55 - INFO: Worker with 1 found (at deleteWorker method)
2024-03-08 18:04:14.400 [main] DEBUG com.example.orderAssignmentSystem.controller.WorkerController - WorkerController.deleteWorker:59 - DEBUG: Worker deleted sucessfully since no orders found (at deleteWorker method)
2024-03-08 18:04:14.408 [main] INFO  com.example.orderAssignmentSystem.controller.WorkerController - WorkerController.deleteWorker:55 - INFO: Worker with 1 found (at deleteWorker method)
2024-03-08 18:04:14.410 [main] ERROR com.example.orderAssignmentSystem.controller.WorkerController - WorkerController.deleteWorker:68 - ERROR: This worker has 1 orders cannot delete worker with assigned orders  (at deleteWorker method)
2024-03-08 18:04:14.411 [main] ERROR com.example.orderAssignmentSystem.controller.WorkerController - WorkerController.deleteWorker:79 - ERROR: No worker Exists with id (at deleteWorker method)1
2024-03-08 18:04:14.413 [main] INFO  com.example.orderAssignmentSystem.controller.WorkerController - WorkerController.deleteWorker:55 - INFO: Worker with 1 found (at deleteWorker method)
2024-03-08 18:04:14.414 [main] DEBUG com.example.orderAssignmentSystem.controller.WorkerController - WorkerController.deleteWorker:64 - DEBUG: Worker deleted sucessfully since no orders found (at deleteWorker method)
2024-03-08 18:04:14.422 [main] ERROR com.example.orderAssignmentSystem.controller.WorkerController - WorkerController.deleteWorker:79 - ERROR: No worker Exists with id (at deleteWorker method)1
2024-03-08 18:04:14.427 [main] INFO  com.example.orderAssignmentSystem.controller.WorkerController - WorkerController.createNewWorker:34 - INFO: Worker with 1 found  (at createNewWorker method)
2024-03-08 18:04:14.427 [main] ERROR com.example.orderAssignmentSystem.controller.WorkerController - WorkerController.createNewWorker:35 - ERROR: Therefore new worker with this id cannot be created!  (at createNewWorker method)
2024-03-08 18:04:14.434 [main] INFO  com.example.orderAssignmentSystem.controller.WorkerController - WorkerController.createNewWorker:39 - INFO: Worker with 1 not found  (at createNewWorker method)
2024-03-08 18:04:14.435 [main] DEBUG com.example.orderAssignmentSystem.controller.WorkerController - WorkerController.createNewWorker:42 - DEBUG: Worker with 1 created!  (at createNewWorker method)
2024-03-08 18:04:14.440 [main] ERROR com.example.orderAssignmentSystem.controller.WorkerController - WorkerController.deleteWorker:50 - ERROR: Worker cannot be null (at deleteWorker method)
2024-03-08 18:04:14.605 [main] DEBUG com.example.orderAssignmentSystem.controller.WorkerController - OrderController.modifyOrderStatus:117 - DEBUG: Order is sucessfully modified! (at modifyOrderStatus method)
2024-03-08 18:04:14.609 [main] ERROR com.example.orderAssignmentSystem.controller.WorkerController - OrderController.createNewOrder:33 - ERROR: Order cannot be null (at createNewOrder method)
2024-03-08 18:04:14.611 [main] INFO  com.example.orderAssignmentSystem.controller.WorkerController - OrderController.modifyOrderStatus:110 - INFO: No modification occore since order status is not changed (at modifyOrderStatus method)
2024-03-08 18:04:14.614 [main] ERROR com.example.orderAssignmentSystem.controller.WorkerController - OrderController.deleteOrder:70 - ERROR: Order cannot be null (at deleteOrder method)
2024-03-08 18:04:14.617 [main] ERROR com.example.orderAssignmentSystem.controller.WorkerController - OrderController.modifyOrderStatus:104 - ERROR: No order exist with id 1 (at modifyOrderStatus method)
2024-03-08 18:04:14.622 [main] ERROR com.example.orderAssignmentSystem.controller.WorkerController - OrderController.modifyOrderStatus:97 - ERROR: Status cannot be null (at modifyOrderStatus method)
2024-03-08 18:04:14.624 [main] ERROR com.example.orderAssignmentSystem.controller.WorkerController - OrderController.createNewOrder:58 - ERROR: Worker not found (at createNewOrder method)
2024-03-08 18:04:14.629 [main] ERROR com.example.orderAssignmentSystem.controller.WorkerController - OrderController.modifyOrderStatus:92 - ERROR: Order cannot be null (at modifyOrderStatus method)
2024-03-08 18:04:14.631 [main] ERROR com.example.orderAssignmentSystem.controller.WorkerController - OrderController.createNewOrder:62 - ERROR: WorkerId cannot be null (at createNewOrder method)
2024-03-08 18:04:14.635 [main] INFO  com.example.orderAssignmentSystem.controller.WorkerController - OrderController.createNewOrder:49 - INFO: Worker with 1 found  (at createNewOrder method)
2024-03-08 18:04:14.635 [main] INFO  com.example.orderAssignmentSystem.controller.WorkerController - OrderController.createNewOrder:52 - INFO: OrderStatus is set to Pending (at createNewOrder method)
2024-03-08 18:04:14.636 [main] INFO  com.example.orderAssignmentSystem.controller.WorkerController - OrderController.createNewOrder:55 - INFO: Order is sucessfully created! (at createNewOrder method)
2024-03-08 18:04:14.639 [main] INFO  com.example.orderAssignmentSystem.controller.WorkerController - OrderController.deleteOrder:76 - INFO: Order with 1 found  (at deleteOrder method)
2024-03-08 18:04:14.640 [main] DEBUG com.example.orderAssignmentSystem.controller.WorkerController - OrderController.deleteOrder:79 - DEBUG: Order is sucessfully deleted! (at deleteOrder method)
2024-03-08 18:04:14.643 [main] ERROR com.example.orderAssignmentSystem.controller.WorkerController - OrderController.deleteOrder:84 - ERROR: No order exist with id1 (at deleteOrder method)
2024-03-08 18:04:14.649 [main] INFO  com.example.orderAssignmentSystem.controller.WorkerController - OrderController.createNewOrder:39 - INFO: Order with 1 found  (at createNewOrder method)
2024-03-08 18:04:14.649 [main] ERROR com.example.orderAssignmentSystem.controller.WorkerController - OrderController.createNewOrder:40 - ERROR: Therefore new order with this id cannot be created!  (at createNewOrder method)
2024-03-08 18:11:40.756 [main] ERROR com.example.orderAssignmentSystem.controller.WorkerController - WorkerController.createNewWorker:28 - ERROR: Worker cannot be null (at createNewWorker method)
2024-03-08 18:11:40.787 [main] INFO  com.example.orderAssignmentSystem.controller.WorkerController - WorkerController.deleteWorker:55 - INFO: Worker with 1 found (at deleteWorker method)
2024-03-08 18:11:40.795 [main] INFO  com.example.orderAssignmentSystem.controller.WorkerController - WorkerController.deleteWorker:55 - INFO: Worker with 1 found (at deleteWorker method)
2024-03-08 18:11:40.798 [main] ERROR com.example.orderAssignmentSystem.controller.WorkerController - WorkerController.deleteWorker:68 - ERROR: This worker has 1 orders cannot delete worker with assigned orders  (at deleteWorker method)
2024-03-08 18:11:40.799 [main] ERROR com.example.orderAssignmentSystem.controller.WorkerController - WorkerController.deleteWorker:79 - ERROR: No worker Exists with id (at deleteWorker method)1
2024-03-08 18:11:40.801 [main] INFO  com.example.orderAssignmentSystem.controller.WorkerController - WorkerController.deleteWorker:55 - INFO: Worker with 1 found (at deleteWorker method)
2024-03-08 18:11:40.810 [main] ERROR com.example.orderAssignmentSystem.controller.WorkerController - WorkerController.deleteWorker:79 - ERROR: No worker Exists with id (at deleteWorker method)1
2024-03-08 18:11:40.813 [main] INFO  com.example.orderAssignmentSystem.controller.WorkerController - WorkerController.createNewWorker:34 - INFO: Worker with 1 found  (at createNewWorker method)
2024-03-08 18:11:40.814 [main] ERROR com.example.orderAssignmentSystem.controller.WorkerController - WorkerController.createNewWorker:35 - ERROR: Therefore new worker with this id cannot be created!  (at createNewWorker method)
2024-03-08 18:11:40.818 [main] INFO  com.example.orderAssignmentSystem.controller.WorkerController - WorkerController.createNewWorker:39 - INFO: Worker with 1 not found  (at createNewWorker method)
2024-03-08 18:11:40.821 [main] ERROR com.example.orderAssignmentSystem.controller.WorkerController - WorkerController.deleteWorker:50 - ERROR: Worker cannot be null (at deleteWorker method)
2024-03-08 18:11:40.989 [main] ERROR com.example.orderAssignmentSystem.controller.WorkerController - OrderController.createNewOrder:33 - ERROR: Order cannot be null (at createNewOrder method)
2024-03-08 18:11:40.991 [main] INFO  com.example.orderAssignmentSystem.controller.WorkerController - OrderController.modifyOrderStatus:110 - INFO: No modification occore since order status is not changed (at modifyOrderStatus method)
2024-03-08 18:11:40.994 [main] ERROR com.example.orderAssignmentSystem.controller.WorkerController - OrderController.deleteOrder:70 - ERROR: Order cannot be null (at deleteOrder method)
2024-03-08 18:11:40.996 [main] ERROR com.example.orderAssignmentSystem.controller.WorkerController - OrderController.modifyOrderStatus:104 - ERROR: No order exist with id 1 (at modifyOrderStatus method)
2024-03-08 18:11:41.001 [main] ERROR com.example.orderAssignmentSystem.controller.WorkerController - OrderController.modifyOrderStatus:97 - ERROR: Status cannot be null (at modifyOrderStatus method)
2024-03-08 18:11:41.003 [main] ERROR com.example.orderAssignmentSystem.controller.WorkerController - OrderController.createNewOrder:58 - ERROR: Worker not found (at createNewOrder method)
2024-03-08 18:11:41.010 [main] ERROR com.example.orderAssignmentSystem.controller.WorkerController - OrderController.modifyOrderStatus:92 - ERROR: Order cannot be null (at modifyOrderStatus method)
2024-03-08 18:11:41.013 [main] ERROR com.example.orderAssignmentSystem.controller.WorkerController - OrderController.createNewOrder:62 - ERROR: WorkerId cannot be null (at createNewOrder method)
2024-03-08 18:11:41.018 [main] INFO  com.example.orderAssignmentSystem.controller.WorkerController - OrderController.createNewOrder:49 - INFO: Worker with 1 found  (at createNewOrder method)
2024-03-08 18:11:41.018 [main] INFO  com.example.orderAssignmentSystem.controller.WorkerController - OrderController.createNewOrder:52 - INFO: OrderStatus is set to Pending (at createNewOrder method)
2024-03-08 18:11:41.019 [main] INFO  com.example.orderAssignmentSystem.controller.WorkerController - OrderController.createNewOrder:55 - INFO: Order is sucessfully created! (at createNewOrder method)
2024-03-08 18:11:41.022 [main] INFO  com.example.orderAssignmentSystem.controller.WorkerController - OrderController.deleteOrder:76 - INFO: Order with 1 found  (at deleteOrder method)
2024-03-08 18:11:41.025 [main] ERROR com.example.orderAssignmentSystem.controller.WorkerController - OrderController.deleteOrder:84 - ERROR: No order exist with id1 (at deleteOrder method)
2024-03-08 18:11:41.031 [main] INFO  com.example.orderAssignmentSystem.controller.WorkerController - OrderController.createNewOrder:39 - INFO: Order with 1 found  (at createNewOrder method)
2024-03-08 18:11:41.032 [main] ERROR com.example.orderAssignmentSystem.controller.WorkerController - OrderController.createNewOrder:40 - ERROR: Therefore new order with this id cannot be created!  (at createNewOrder method)
